[2024-12-02 10:48:45.400] [info]  Running version 10.1.1
[2024-12-02 10:48:45.439] [error] [electron client protocol] FAILED to set default protocol 'insomnia://'
[2024-12-02 10:48:45.475] [info]  [electron client protocol] the current executable is not the default protocol for 'insomnia://'
[2024-12-02 10:48:45.559] [info]  [electron client protocol] the default application set for 'insomnia://' is 'insomnia.desktop
'
[2024-12-02 10:48:45.815] [info]  [fix] Running database repairs
[2024-12-02 10:48:46.010] [info]  [db] Initialized DB at /home/mattia/.config/Insomnia/insomnia.$TYPE.db
[2024-12-02 10:48:46.011] [info]  [db] Init responses DB
[2024-12-02 10:48:46.011] [info]  [db] Init websocket-responses DB
[2024-12-02 10:48:46.012] [info]  [localstorage] Initialized at /home/mattia/.config/Insomnia/localStorage
[2024-12-02 10:48:46.064] [info]  [main] Loading file:///opt/insomnia/resources/app.asar/index.html
[2024-12-02 10:48:46.080] [info]  [main] Registering the hidden window restarting handler
[2024-12-02 10:48:46.081] [info]  [updater] Not supported on this platform linux
[2024-12-02 10:48:47.782] [info]  [main] Window ready, handling command line arguments [ '/opt/insomnia/insomnia' ]
[2024-12-02 10:48:47.784] [info]  [main] Check args and create windows []
[2024-12-02 10:48:47.785] [info]  [main] Checking for newer version than  10.1.1
[2024-12-02 10:48:47.952] [info]  [main] Found newer version
[2024-12-02 10:48:47.955] [info]  [main] Backup found at: /home/mattia/.config/Insomnia/backups/10.1.1
[2024-12-02 19:00:47.602] [error] Error: net::ERR_CONNECTION_REFUSED
    at SimpleURLLoaderWrapper.<anonymous> (node:electron/js2c/browser_init:2:115482)
    at SimpleURLLoaderWrapper.emit (node:events:519:28)
[2024-12-03 00:14:11.417] [error] Error: net::ERR_CONNECTION_TIMED_OUT
    at SimpleURLLoaderWrapper.<anonymous> (node:electron/js2c/browser_init:2:115482)
    at SimpleURLLoaderWrapper.emit (node:events:519:28)
[2024-12-03 00:14:31.900] [error] Error: net::ERR_CONNECTION_TIMED_OUT
    at SimpleURLLoaderWrapper.<anonymous> (node:electron/js2c/browser_init:2:115482)
    at SimpleURLLoaderWrapper.emit (node:events:519:28)
[2024-12-03 00:15:00.913] [error] Error: net::ERR_CONNECTION_TIMED_OUT
    at SimpleURLLoaderWrapper.<anonymous> (node:electron/js2c/browser_init:2:115482)
    at SimpleURLLoaderWrapper.emit (node:events:519:28)
[2024-12-03 00:15:50.407] [error] Error: net::ERR_CONNECTION_TIMED_OUT
    at SimpleURLLoaderWrapper.<anonymous> (node:electron/js2c/browser_init:2:115482)
    at SimpleURLLoaderWrapper.emit (node:events:519:28)
[2024-12-03 00:16:00.644] [error] Error: net::ERR_CONNECTION_TIMED_OUT
    at SimpleURLLoaderWrapper.<anonymous> (node:electron/js2c/browser_init:2:115482)
    at SimpleURLLoaderWrapper.emit (node:events:519:28)
[2024-12-03 00:16:31.364] [error] Error: net::ERR_CONNECTION_TIMED_OUT
    at SimpleURLLoaderWrapper.<anonymous> (node:electron/js2c/browser_init:2:115482)
    at SimpleURLLoaderWrapper.emit (node:events:519:28)
[2024-12-03 00:16:37.568] [error] Error: net::ERR_NAME_NOT_RESOLVED
    at SimpleURLLoaderWrapper.<anonymous> (node:electron/js2c/browser_init:2:115482)
    at SimpleURLLoaderWrapper.emit (node:events:519:28)
[2024-12-03 00:17:05.500] [error] Error: net::ERR_CONNECTION_TIMED_OUT
    at SimpleURLLoaderWrapper.<anonymous> (node:electron/js2c/browser_init:2:115482)
    at SimpleURLLoaderWrapper.emit (node:events:519:28)
[2024-12-03 00:17:07.477] [error] Error: net::ERR_NAME_NOT_RESOLVED
    at SimpleURLLoaderWrapper.<anonymous> (node:electron/js2c/browser_init:2:115482)
    at SimpleURLLoaderWrapper.emit (node:events:519:28)
[2024-12-03 00:17:31.097] [error] Error: net::ERR_CONNECTION_TIMED_OUT
    at SimpleURLLoaderWrapper.<anonymous> (node:electron/js2c/browser_init:2:115482)
    at SimpleURLLoaderWrapper.emit (node:events:519:28)
[2024-12-03 00:17:37.556] [error] Error: net::ERR_NAME_NOT_RESOLVED
    at SimpleURLLoaderWrapper.<anonymous> (node:electron/js2c/browser_init:2:115482)
    at SimpleURLLoaderWrapper.emit (node:events:519:28)
[2024-12-03 00:18:01.817] [error] Error: net::ERR_CONNECTION_TIMED_OUT
    at SimpleURLLoaderWrapper.<anonymous> (node:electron/js2c/browser_init:2:115482)
    at SimpleURLLoaderWrapper.emit (node:events:519:28)
[2024-12-03 00:18:07.502] [error] Error: net::ERR_NAME_NOT_RESOLVED
    at SimpleURLLoaderWrapper.<anonymous> (node:electron/js2c/browser_init:2:115482)
    at SimpleURLLoaderWrapper.emit (node:events:519:28)
[2024-12-03 00:18:47.660] [error] Error: net::ERR_NAME_NOT_RESOLVED
    at SimpleURLLoaderWrapper.<anonymous> (node:electron/js2c/browser_init:2:115482)
    at SimpleURLLoaderWrapper.emit (node:events:519:28)
[2024-12-03 00:19:07.680] [error] Error: net::ERR_NAME_NOT_RESOLVED
    at SimpleURLLoaderWrapper.<anonymous> (node:electron/js2c/browser_init:2:115482)
    at SimpleURLLoaderWrapper.emit (node:events:519:28)
[2024-12-03 00:19:47.807] [error] Error: net::ERR_NAME_NOT_RESOLVED
    at SimpleURLLoaderWrapper.<anonymous> (node:electron/js2c/browser_init:2:115482)
    at SimpleURLLoaderWrapper.emit (node:events:519:28)
[2024-12-03 00:19:47.810] [error] Error: net::ERR_NAME_NOT_RESOLVED
    at SimpleURLLoaderWrapper.<anonymous> (node:electron/js2c/browser_init:2:115482)
    at SimpleURLLoaderWrapper.emit (node:events:519:28)
[2024-12-03 00:20:27.933] [error] Error: net::ERR_NAME_NOT_RESOLVED
    at SimpleURLLoaderWrapper.<anonymous> (node:electron/js2c/browser_init:2:115482)
    at SimpleURLLoaderWrapper.emit (node:events:519:28)
[2024-12-03 00:21:27.504] [error] Error: net::ERR_NAME_NOT_RESOLVED
    at SimpleURLLoaderWrapper.<anonymous> (node:electron/js2c/browser_init:2:115482)
    at SimpleURLLoaderWrapper.emit (node:events:519:28)
[2024-12-03 00:21:27.507] [error] Error: net::ERR_NAME_NOT_RESOLVED
    at SimpleURLLoaderWrapper.<anonymous> (node:electron/js2c/browser_init:2:115482)
    at SimpleURLLoaderWrapper.emit (node:events:519:28)
[2024-12-03 00:22:27.503] [error] Error: net::ERR_NAME_NOT_RESOLVED
    at SimpleURLLoaderWrapper.<anonymous> (node:electron/js2c/browser_init:2:115482)
    at SimpleURLLoaderWrapper.emit (node:events:519:28)
[2024-12-03 00:22:27.506] [error] Error: net::ERR_NAME_NOT_RESOLVED
    at SimpleURLLoaderWrapper.<anonymous> (node:electron/js2c/browser_init:2:115482)
    at SimpleURLLoaderWrapper.emit (node:events:519:28)
[2024-12-03 00:23:27.503] [error] Error: net::ERR_NAME_NOT_RESOLVED
    at SimpleURLLoaderWrapper.<anonymous> (node:electron/js2c/browser_init:2:115482)
    at SimpleURLLoaderWrapper.emit (node:events:519:28)
[2024-12-03 00:23:27.503] [error] Error: net::ERR_NAME_NOT_RESOLVED
    at SimpleURLLoaderWrapper.<anonymous> (node:electron/js2c/browser_init:2:115482)
    at SimpleURLLoaderWrapper.emit (node:events:519:28)
[2024-12-03 00:24:27.505] [error] Error: net::ERR_NAME_NOT_RESOLVED
    at SimpleURLLoaderWrapper.<anonymous> (node:electron/js2c/browser_init:2:115482)
    at SimpleURLLoaderWrapper.emit (node:events:519:28)
[2024-12-03 00:24:27.508] [error] Error: net::ERR_NAME_NOT_RESOLVED
    at SimpleURLLoaderWrapper.<anonymous> (node:electron/js2c/browser_init:2:115482)
    at SimpleURLLoaderWrapper.emit (node:events:519:28)
[2024-12-03 00:25:27.496] [error] Error: net::ERR_NAME_NOT_RESOLVED
    at SimpleURLLoaderWrapper.<anonymous> (node:electron/js2c/browser_init:2:115482)
    at SimpleURLLoaderWrapper.emit (node:events:519:28)
[2024-12-03 00:25:27.499] [error] Error: net::ERR_NAME_NOT_RESOLVED
    at SimpleURLLoaderWrapper.<anonymous> (node:electron/js2c/browser_init:2:115482)
    at SimpleURLLoaderWrapper.emit (node:events:519:28)
[2024-12-03 00:26:27.494] [error] Error: net::ERR_NAME_NOT_RESOLVED
    at SimpleURLLoaderWrapper.<anonymous> (node:electron/js2c/browser_init:2:115482)
    at SimpleURLLoaderWrapper.emit (node:events:519:28)
[2024-12-03 00:26:27.498] [error] Error: net::ERR_NAME_NOT_RESOLVED
    at SimpleURLLoaderWrapper.<anonymous> (node:electron/js2c/browser_init:2:115482)
    at SimpleURLLoaderWrapper.emit (node:events:519:28)
[2024-12-03 00:27:27.502] [error] Error: net::ERR_NAME_NOT_RESOLVED
    at SimpleURLLoaderWrapper.<anonymous> (node:electron/js2c/browser_init:2:115482)
    at SimpleURLLoaderWrapper.emit (node:events:519:28)
[2024-12-03 00:27:27.503] [error] Error: net::ERR_NAME_NOT_RESOLVED
    at SimpleURLLoaderWrapper.<anonymous> (node:electron/js2c/browser_init:2:115482)
    at SimpleURLLoaderWrapper.emit (node:events:519:28)
[2024-12-03 00:28:27.500] [error] Error: net::ERR_NAME_NOT_RESOLVED
    at SimpleURLLoaderWrapper.<anonymous> (node:electron/js2c/browser_init:2:115482)
    at SimpleURLLoaderWrapper.emit (node:events:519:28)
[2024-12-03 00:28:27.500] [error] Error: net::ERR_NAME_NOT_RESOLVED
    at SimpleURLLoaderWrapper.<anonymous> (node:electron/js2c/browser_init:2:115482)
    at SimpleURLLoaderWrapper.emit (node:events:519:28)
[2024-12-03 00:29:27.518] [error] Error: net::ERR_NAME_NOT_RESOLVED
    at SimpleURLLoaderWrapper.<anonymous> (node:electron/js2c/browser_init:2:115482)
    at SimpleURLLoaderWrapper.emit (node:events:519:28)
[2024-12-03 00:29:27.521] [error] Error: net::ERR_NAME_NOT_RESOLVED
    at SimpleURLLoaderWrapper.<anonymous> (node:electron/js2c/browser_init:2:115482)
    at SimpleURLLoaderWrapper.emit (node:events:519:28)
[2024-12-03 00:30:27.508] [error] Error: net::ERR_NAME_NOT_RESOLVED
    at SimpleURLLoaderWrapper.<anonymous> (node:electron/js2c/browser_init:2:115482)
    at SimpleURLLoaderWrapper.emit (node:events:519:28)
[2024-12-03 00:30:27.510] [error] Error: net::ERR_NAME_NOT_RESOLVED
    at SimpleURLLoaderWrapper.<anonymous> (node:electron/js2c/browser_init:2:115482)
    at SimpleURLLoaderWrapper.emit (node:events:519:28)
[2024-12-03 00:31:27.507] [error] Error: net::ERR_NAME_NOT_RESOLVED
    at SimpleURLLoaderWrapper.<anonymous> (node:electron/js2c/browser_init:2:115482)
    at SimpleURLLoaderWrapper.emit (node:events:519:28)
[2024-12-03 00:31:27.509] [error] Error: net::ERR_NAME_NOT_RESOLVED
    at SimpleURLLoaderWrapper.<anonymous> (node:electron/js2c/browser_init:2:115482)
    at SimpleURLLoaderWrapper.emit (node:events:519:28)
[2024-12-03 00:32:27.502] [error] Error: net::ERR_NAME_NOT_RESOLVED
    at SimpleURLLoaderWrapper.<anonymous> (node:electron/js2c/browser_init:2:115482)
    at SimpleURLLoaderWrapper.emit (node:events:519:28)
[2024-12-03 00:32:27.504] [error] Error: net::ERR_NAME_NOT_RESOLVED
    at SimpleURLLoaderWrapper.<anonymous> (node:electron/js2c/browser_init:2:115482)
    at SimpleURLLoaderWrapper.emit (node:events:519:28)
[2024-12-03 00:33:27.508] [error] Error: net::ERR_NAME_NOT_RESOLVED
    at SimpleURLLoaderWrapper.<anonymous> (node:electron/js2c/browser_init:2:115482)
    at SimpleURLLoaderWrapper.emit (node:events:519:28)
[2024-12-03 00:33:27.511] [error] Error: net::ERR_NAME_NOT_RESOLVED
    at SimpleURLLoaderWrapper.<anonymous> (node:electron/js2c/browser_init:2:115482)
    at SimpleURLLoaderWrapper.emit (node:events:519:28)
[2024-12-03 00:34:27.520] [error] Error: net::ERR_NAME_NOT_RESOLVED
    at SimpleURLLoaderWrapper.<anonymous> (node:electron/js2c/browser_init:2:115482)
    at SimpleURLLoaderWrapper.emit (node:events:519:28)
[2024-12-03 00:34:27.520] [error] Error: net::ERR_NAME_NOT_RESOLVED
    at SimpleURLLoaderWrapper.<anonymous> (node:electron/js2c/browser_init:2:115482)
    at SimpleURLLoaderWrapper.emit (node:events:519:28)
[2024-12-03 00:35:27.506] [error] Error: net::ERR_NAME_NOT_RESOLVED
    at SimpleURLLoaderWrapper.<anonymous> (node:electron/js2c/browser_init:2:115482)
    at SimpleURLLoaderWrapper.emit (node:events:519:28)
[2024-12-03 00:35:27.509] [error] Error: net::ERR_NAME_NOT_RESOLVED
    at SimpleURLLoaderWrapper.<anonymous> (node:electron/js2c/browser_init:2:115482)
    at SimpleURLLoaderWrapper.emit (node:events:519:28)
[2024-12-03 00:36:27.500] [error] Error: net::ERR_NAME_NOT_RESOLVED
    at SimpleURLLoaderWrapper.<anonymous> (node:electron/js2c/browser_init:2:115482)
    at SimpleURLLoaderWrapper.emit (node:events:519:28)
[2024-12-03 00:36:27.503] [error] Error: net::ERR_NAME_NOT_RESOLVED
    at SimpleURLLoaderWrapper.<anonymous> (node:electron/js2c/browser_init:2:115482)
    at SimpleURLLoaderWrapper.emit (node:events:519:28)
[2024-12-03 00:37:27.497] [error] Error: net::ERR_NAME_NOT_RESOLVED
    at SimpleURLLoaderWrapper.<anonymous> (node:electron/js2c/browser_init:2:115482)
    at SimpleURLLoaderWrapper.emit (node:events:519:28)
[2024-12-03 00:37:27.498] [error] Error: net::ERR_NAME_NOT_RESOLVED
    at SimpleURLLoaderWrapper.<anonymous> (node:electron/js2c/browser_init:2:115482)
    at SimpleURLLoaderWrapper.emit (node:events:519:28)
[2024-12-03 00:38:27.504] [error] Error: net::ERR_NAME_NOT_RESOLVED
    at SimpleURLLoaderWrapper.<anonymous> (node:electron/js2c/browser_init:2:115482)
    at SimpleURLLoaderWrapper.emit (node:events:519:28)
[2024-12-03 00:38:27.504] [error] Error: net::ERR_NAME_NOT_RESOLVED
    at SimpleURLLoaderWrapper.<anonymous> (node:electron/js2c/browser_init:2:115482)
    at SimpleURLLoaderWrapper.emit (node:events:519:28)
[2024-12-03 00:39:27.504] [error] Error: net::ERR_NAME_NOT_RESOLVED
    at SimpleURLLoaderWrapper.<anonymous> (node:electron/js2c/browser_init:2:115482)
    at SimpleURLLoaderWrapper.emit (node:events:519:28)
[2024-12-03 00:39:27.507] [error] Error: net::ERR_NAME_NOT_RESOLVED
    at SimpleURLLoaderWrapper.<anonymous> (node:electron/js2c/browser_init:2:115482)
    at SimpleURLLoaderWrapper.emit (node:events:519:28)
[2024-12-03 00:40:27.505] [error] Error: net::ERR_NAME_NOT_RESOLVED
    at SimpleURLLoaderWrapper.<anonymous> (node:electron/js2c/browser_init:2:115482)
    at SimpleURLLoaderWrapper.emit (node:events:519:28)
[2024-12-03 00:40:27.507] [error] Error: net::ERR_NAME_NOT_RESOLVED
    at SimpleURLLoaderWrapper.<anonymous> (node:electron/js2c/browser_init:2:115482)
    at SimpleURLLoaderWrapper.emit (node:events:519:28)
[2024-12-03 00:41:27.509] [error] Error: net::ERR_NAME_NOT_RESOLVED
    at SimpleURLLoaderWrapper.<anonymous> (node:electron/js2c/browser_init:2:115482)
    at SimpleURLLoaderWrapper.emit (node:events:519:28)
[2024-12-03 00:41:27.509] [error] Error: net::ERR_NAME_NOT_RESOLVED
    at SimpleURLLoaderWrapper.<anonymous> (node:electron/js2c/browser_init:2:115482)
    at SimpleURLLoaderWrapper.emit (node:events:519:28)
[2024-12-03 00:42:27.484] [error] Error: net::ERR_NAME_NOT_RESOLVED
    at SimpleURLLoaderWrapper.<anonymous> (node:electron/js2c/browser_init:2:115482)
    at SimpleURLLoaderWrapper.emit (node:events:519:28)
[2024-12-03 00:42:27.485] [error] Error: net::ERR_NAME_NOT_RESOLVED
    at SimpleURLLoaderWrapper.<anonymous> (node:electron/js2c/browser_init:2:115482)
    at SimpleURLLoaderWrapper.emit (node:events:519:28)
[2024-12-03 00:43:27.513] [error] Error: net::ERR_NAME_NOT_RESOLVED
    at SimpleURLLoaderWrapper.<anonymous> (node:electron/js2c/browser_init:2:115482)
    at SimpleURLLoaderWrapper.emit (node:events:519:28)
[2024-12-03 00:43:27.515] [error] Error: net::ERR_NAME_NOT_RESOLVED
    at SimpleURLLoaderWrapper.<anonymous> (node:electron/js2c/browser_init:2:115482)
    at SimpleURLLoaderWrapper.emit (node:events:519:28)
[2024-12-03 00:44:27.492] [error] Error: net::ERR_NAME_NOT_RESOLVED
    at SimpleURLLoaderWrapper.<anonymous> (node:electron/js2c/browser_init:2:115482)
    at SimpleURLLoaderWrapper.emit (node:events:519:28)
[2024-12-03 00:44:27.493] [error] Error: net::ERR_NAME_NOT_RESOLVED
    at SimpleURLLoaderWrapper.<anonymous> (node:electron/js2c/browser_init:2:115482)
    at SimpleURLLoaderWrapper.emit (node:events:519:28)
[2024-12-03 00:45:27.494] [error] Error: net::ERR_NAME_NOT_RESOLVED
    at SimpleURLLoaderWrapper.<anonymous> (node:electron/js2c/browser_init:2:115482)
    at SimpleURLLoaderWrapper.emit (node:events:519:28)
[2024-12-03 00:45:27.497] [error] Error: net::ERR_NAME_NOT_RESOLVED
    at SimpleURLLoaderWrapper.<anonymous> (node:electron/js2c/browser_init:2:115482)
    at SimpleURLLoaderWrapper.emit (node:events:519:28)
[2024-12-03 00:46:27.495] [error] Error: net::ERR_NAME_NOT_RESOLVED
    at SimpleURLLoaderWrapper.<anonymous> (node:electron/js2c/browser_init:2:115482)
    at SimpleURLLoaderWrapper.emit (node:events:519:28)
[2024-12-03 00:46:27.498] [error] Error: net::ERR_NAME_NOT_RESOLVED
    at SimpleURLLoaderWrapper.<anonymous> (node:electron/js2c/browser_init:2:115482)
    at SimpleURLLoaderWrapper.emit (node:events:519:28)
[2024-12-03 00:47:27.509] [error] Error: net::ERR_NAME_NOT_RESOLVED
    at SimpleURLLoaderWrapper.<anonymous> (node:electron/js2c/browser_init:2:115482)
    at SimpleURLLoaderWrapper.emit (node:events:519:28)
[2024-12-03 00:47:27.511] [error] Error: net::ERR_NAME_NOT_RESOLVED
    at SimpleURLLoaderWrapper.<anonymous> (node:electron/js2c/browser_init:2:115482)
    at SimpleURLLoaderWrapper.emit (node:events:519:28)
[2024-12-03 00:48:27.500] [error] Error: net::ERR_NAME_NOT_RESOLVED
    at SimpleURLLoaderWrapper.<anonymous> (node:electron/js2c/browser_init:2:115482)
    at SimpleURLLoaderWrapper.emit (node:events:519:28)
[2024-12-03 00:48:27.501] [error] Error: net::ERR_NAME_NOT_RESOLVED
    at SimpleURLLoaderWrapper.<anonymous> (node:electron/js2c/browser_init:2:115482)
    at SimpleURLLoaderWrapper.emit (node:events:519:28)
[2024-12-03 00:49:27.500] [error] Error: net::ERR_NAME_NOT_RESOLVED
    at SimpleURLLoaderWrapper.<anonymous> (node:electron/js2c/browser_init:2:115482)
    at SimpleURLLoaderWrapper.emit (node:events:519:28)
[2024-12-03 00:49:27.501] [error] Error: net::ERR_NAME_NOT_RESOLVED
    at SimpleURLLoaderWrapper.<anonymous> (node:electron/js2c/browser_init:2:115482)
    at SimpleURLLoaderWrapper.emit (node:events:519:28)
[2024-12-03 00:50:27.500] [error] Error: net::ERR_NAME_NOT_RESOLVED
    at SimpleURLLoaderWrapper.<anonymous> (node:electron/js2c/browser_init:2:115482)
    at SimpleURLLoaderWrapper.emit (node:events:519:28)
[2024-12-03 00:50:27.504] [error] Error: net::ERR_NAME_NOT_RESOLVED
    at SimpleURLLoaderWrapper.<anonymous> (node:electron/js2c/browser_init:2:115482)
    at SimpleURLLoaderWrapper.emit (node:events:519:28)
[2024-12-03 00:51:27.489] [error] Error: net::ERR_NAME_NOT_RESOLVED
    at SimpleURLLoaderWrapper.<anonymous> (node:electron/js2c/browser_init:2:115482)
    at SimpleURLLoaderWrapper.emit (node:events:519:28)
[2024-12-03 00:51:27.491] [error] Error: net::ERR_NAME_NOT_RESOLVED
    at SimpleURLLoaderWrapper.<anonymous> (node:electron/js2c/browser_init:2:115482)
    at SimpleURLLoaderWrapper.emit (node:events:519:28)
[2024-12-03 00:52:27.501] [error] Error: net::ERR_NAME_NOT_RESOLVED
    at SimpleURLLoaderWrapper.<anonymous> (node:electron/js2c/browser_init:2:115482)
    at SimpleURLLoaderWrapper.emit (node:events:519:28)
[2024-12-03 00:52:27.504] [error] Error: net::ERR_NAME_NOT_RESOLVED
    at SimpleURLLoaderWrapper.<anonymous> (node:electron/js2c/browser_init:2:115482)
    at SimpleURLLoaderWrapper.emit (node:events:519:28)
[2024-12-03 00:53:27.496] [error] Error: net::ERR_NAME_NOT_RESOLVED
    at SimpleURLLoaderWrapper.<anonymous> (node:electron/js2c/browser_init:2:115482)
    at SimpleURLLoaderWrapper.emit (node:events:519:28)
[2024-12-03 00:53:27.498] [error] Error: net::ERR_NAME_NOT_RESOLVED
    at SimpleURLLoaderWrapper.<anonymous> (node:electron/js2c/browser_init:2:115482)
    at SimpleURLLoaderWrapper.emit (node:events:519:28)
[2024-12-03 00:54:27.499] [error] Error: net::ERR_NAME_NOT_RESOLVED
    at SimpleURLLoaderWrapper.<anonymous> (node:electron/js2c/browser_init:2:115482)
    at SimpleURLLoaderWrapper.emit (node:events:519:28)
[2024-12-03 00:54:27.499] [error] Error: net::ERR_NAME_NOT_RESOLVED
    at SimpleURLLoaderWrapper.<anonymous> (node:electron/js2c/browser_init:2:115482)
    at SimpleURLLoaderWrapper.emit (node:events:519:28)
[2024-12-03 00:55:27.482] [error] Error: net::ERR_NAME_NOT_RESOLVED
    at SimpleURLLoaderWrapper.<anonymous> (node:electron/js2c/browser_init:2:115482)
    at SimpleURLLoaderWrapper.emit (node:events:519:28)
[2024-12-03 00:55:27.485] [error] Error: net::ERR_NAME_NOT_RESOLVED
    at SimpleURLLoaderWrapper.<anonymous> (node:electron/js2c/browser_init:2:115482)
    at SimpleURLLoaderWrapper.emit (node:events:519:28)
[2024-12-03 00:56:27.565] [error] Error: net::ERR_NAME_NOT_RESOLVED
    at SimpleURLLoaderWrapper.<anonymous> (node:electron/js2c/browser_init:2:115482)
    at SimpleURLLoaderWrapper.emit (node:events:519:28)
[2024-12-03 00:56:27.568] [error] Error: net::ERR_NAME_NOT_RESOLVED
    at SimpleURLLoaderWrapper.<anonymous> (node:electron/js2c/browser_init:2:115482)
    at SimpleURLLoaderWrapper.emit (node:events:519:28)
[2024-12-03 00:57:27.493] [error] Error: net::ERR_NAME_NOT_RESOLVED
    at SimpleURLLoaderWrapper.<anonymous> (node:electron/js2c/browser_init:2:115482)
    at SimpleURLLoaderWrapper.emit (node:events:519:28)
[2024-12-03 00:57:27.497] [error] Error: net::ERR_NAME_NOT_RESOLVED
    at SimpleURLLoaderWrapper.<anonymous> (node:electron/js2c/browser_init:2:115482)
    at SimpleURLLoaderWrapper.emit (node:events:519:28)
[2024-12-03 00:58:27.505] [error] Error: net::ERR_NAME_NOT_RESOLVED
    at SimpleURLLoaderWrapper.<anonymous> (node:electron/js2c/browser_init:2:115482)
    at SimpleURLLoaderWrapper.emit (node:events:519:28)
[2024-12-03 00:58:27.508] [error] Error: net::ERR_NAME_NOT_RESOLVED
    at SimpleURLLoaderWrapper.<anonymous> (node:electron/js2c/browser_init:2:115482)
    at SimpleURLLoaderWrapper.emit (node:events:519:28)
[2024-12-03 00:59:27.497] [error] Error: net::ERR_NAME_NOT_RESOLVED
    at SimpleURLLoaderWrapper.<anonymous> (node:electron/js2c/browser_init:2:115482)
    at SimpleURLLoaderWrapper.emit (node:events:519:28)
[2024-12-03 00:59:27.497] [error] Error: net::ERR_NAME_NOT_RESOLVED
    at SimpleURLLoaderWrapper.<anonymous> (node:electron/js2c/browser_init:2:115482)
    at SimpleURLLoaderWrapper.emit (node:events:519:28)
[2024-12-03 01:00:27.493] [error] Error: net::ERR_NAME_NOT_RESOLVED
    at SimpleURLLoaderWrapper.<anonymous> (node:electron/js2c/browser_init:2:115482)
    at SimpleURLLoaderWrapper.emit (node:events:519:28)
[2024-12-03 01:00:27.496] [error] Error: net::ERR_NAME_NOT_RESOLVED
    at SimpleURLLoaderWrapper.<anonymous> (node:electron/js2c/browser_init:2:115482)
    at SimpleURLLoaderWrapper.emit (node:events:519:28)
[2024-12-03 01:01:27.520] [error] Error: net::ERR_NAME_NOT_RESOLVED
    at SimpleURLLoaderWrapper.<anonymous> (node:electron/js2c/browser_init:2:115482)
    at SimpleURLLoaderWrapper.emit (node:events:519:28)
[2024-12-03 01:01:27.523] [error] Error: net::ERR_NAME_NOT_RESOLVED
    at SimpleURLLoaderWrapper.<anonymous> (node:electron/js2c/browser_init:2:115482)
    at SimpleURLLoaderWrapper.emit (node:events:519:28)
[2024-12-03 01:02:27.530] [error] Error: net::ERR_NAME_NOT_RESOLVED
    at SimpleURLLoaderWrapper.<anonymous> (node:electron/js2c/browser_init:2:115482)
    at SimpleURLLoaderWrapper.emit (node:events:519:28)
[2024-12-03 01:02:27.531] [error] Error: net::ERR_NAME_NOT_RESOLVED
    at SimpleURLLoaderWrapper.<anonymous> (node:electron/js2c/browser_init:2:115482)
    at SimpleURLLoaderWrapper.emit (node:events:519:28)
[2024-12-03 01:03:27.507] [error] Error: net::ERR_NAME_NOT_RESOLVED
    at SimpleURLLoaderWrapper.<anonymous> (node:electron/js2c/browser_init:2:115482)
    at SimpleURLLoaderWrapper.emit (node:events:519:28)
[2024-12-03 01:03:27.507] [error] Error: net::ERR_NAME_NOT_RESOLVED
    at SimpleURLLoaderWrapper.<anonymous> (node:electron/js2c/browser_init:2:115482)
    at SimpleURLLoaderWrapper.emit (node:events:519:28)
[2024-12-03 01:04:27.504] [error] Error: net::ERR_NAME_NOT_RESOLVED
    at SimpleURLLoaderWrapper.<anonymous> (node:electron/js2c/browser_init:2:115482)
    at SimpleURLLoaderWrapper.emit (node:events:519:28)
[2024-12-03 01:04:27.505] [error] Error: net::ERR_NAME_NOT_RESOLVED
    at SimpleURLLoaderWrapper.<anonymous> (node:electron/js2c/browser_init:2:115482)
    at SimpleURLLoaderWrapper.emit (node:events:519:28)
[2024-12-03 01:05:27.496] [error] Error: net::ERR_NAME_NOT_RESOLVED
    at SimpleURLLoaderWrapper.<anonymous> (node:electron/js2c/browser_init:2:115482)
    at SimpleURLLoaderWrapper.emit (node:events:519:28)
[2024-12-03 01:05:27.499] [error] Error: net::ERR_NAME_NOT_RESOLVED
    at SimpleURLLoaderWrapper.<anonymous> (node:electron/js2c/browser_init:2:115482)
    at SimpleURLLoaderWrapper.emit (node:events:519:28)
[2024-12-03 01:06:27.509] [error] Error: net::ERR_NAME_NOT_RESOLVED
    at SimpleURLLoaderWrapper.<anonymous> (node:electron/js2c/browser_init:2:115482)
    at SimpleURLLoaderWrapper.emit (node:events:519:28)
[2024-12-03 01:06:27.512] [error] Error: net::ERR_NAME_NOT_RESOLVED
    at SimpleURLLoaderWrapper.<anonymous> (node:electron/js2c/browser_init:2:115482)
    at SimpleURLLoaderWrapper.emit (node:events:519:28)
[2024-12-03 01:07:27.490] [error] Error: net::ERR_NAME_NOT_RESOLVED
    at SimpleURLLoaderWrapper.<anonymous> (node:electron/js2c/browser_init:2:115482)
    at SimpleURLLoaderWrapper.emit (node:events:519:28)
[2024-12-03 01:07:27.490] [error] Error: net::ERR_NAME_NOT_RESOLVED
    at SimpleURLLoaderWrapper.<anonymous> (node:electron/js2c/browser_init:2:115482)
    at SimpleURLLoaderWrapper.emit (node:events:519:28)
[2024-12-03 01:08:27.498] [error] Error: net::ERR_NAME_NOT_RESOLVED
    at SimpleURLLoaderWrapper.<anonymous> (node:electron/js2c/browser_init:2:115482)
    at SimpleURLLoaderWrapper.emit (node:events:519:28)
[2024-12-03 01:08:27.501] [error] Error: net::ERR_NAME_NOT_RESOLVED
    at SimpleURLLoaderWrapper.<anonymous> (node:electron/js2c/browser_init:2:115482)
    at SimpleURLLoaderWrapper.emit (node:events:519:28)
[2024-12-03 01:09:27.501] [error] Error: net::ERR_NAME_NOT_RESOLVED
    at SimpleURLLoaderWrapper.<anonymous> (node:electron/js2c/browser_init:2:115482)
    at SimpleURLLoaderWrapper.emit (node:events:519:28)
[2024-12-03 01:09:27.503] [error] Error: net::ERR_NAME_NOT_RESOLVED
    at SimpleURLLoaderWrapper.<anonymous> (node:electron/js2c/browser_init:2:115482)
    at SimpleURLLoaderWrapper.emit (node:events:519:28)
[2024-12-03 01:10:27.500] [error] Error: net::ERR_NAME_NOT_RESOLVED
    at SimpleURLLoaderWrapper.<anonymous> (node:electron/js2c/browser_init:2:115482)
    at SimpleURLLoaderWrapper.emit (node:events:519:28)
[2024-12-03 01:10:27.501] [error] Error: net::ERR_NAME_NOT_RESOLVED
    at SimpleURLLoaderWrapper.<anonymous> (node:electron/js2c/browser_init:2:115482)
    at SimpleURLLoaderWrapper.emit (node:events:519:28)
[2024-12-03 01:11:27.504] [error] Error: net::ERR_NAME_NOT_RESOLVED
    at SimpleURLLoaderWrapper.<anonymous> (node:electron/js2c/browser_init:2:115482)
    at SimpleURLLoaderWrapper.emit (node:events:519:28)
[2024-12-03 01:11:27.507] [error] Error: net::ERR_NAME_NOT_RESOLVED
    at SimpleURLLoaderWrapper.<anonymous> (node:electron/js2c/browser_init:2:115482)
    at SimpleURLLoaderWrapper.emit (node:events:519:28)
[2024-12-03 01:12:27.509] [error] Error: net::ERR_NAME_NOT_RESOLVED
    at SimpleURLLoaderWrapper.<anonymous> (node:electron/js2c/browser_init:2:115482)
    at SimpleURLLoaderWrapper.emit (node:events:519:28)
[2024-12-03 01:12:27.512] [error] Error: net::ERR_NAME_NOT_RESOLVED
    at SimpleURLLoaderWrapper.<anonymous> (node:electron/js2c/browser_init:2:115482)
    at SimpleURLLoaderWrapper.emit (node:events:519:28)
[2024-12-03 01:13:27.510] [error] Error: net::ERR_NAME_NOT_RESOLVED
    at SimpleURLLoaderWrapper.<anonymous> (node:electron/js2c/browser_init:2:115482)
    at SimpleURLLoaderWrapper.emit (node:events:519:28)
[2024-12-03 01:13:27.511] [error] Error: net::ERR_NAME_NOT_RESOLVED
    at SimpleURLLoaderWrapper.<anonymous> (node:electron/js2c/browser_init:2:115482)
    at SimpleURLLoaderWrapper.emit (node:events:519:28)
[2024-12-03 01:14:27.508] [error] Error: net::ERR_NAME_NOT_RESOLVED
    at SimpleURLLoaderWrapper.<anonymous> (node:electron/js2c/browser_init:2:115482)
    at SimpleURLLoaderWrapper.emit (node:events:519:28)
[2024-12-03 01:14:27.511] [error] Error: net::ERR_NAME_NOT_RESOLVED
    at SimpleURLLoaderWrapper.<anonymous> (node:electron/js2c/browser_init:2:115482)
    at SimpleURLLoaderWrapper.emit (node:events:519:28)
[2024-12-03 01:15:27.504] [error] Error: net::ERR_NAME_NOT_RESOLVED
    at SimpleURLLoaderWrapper.<anonymous> (node:electron/js2c/browser_init:2:115482)
    at SimpleURLLoaderWrapper.emit (node:events:519:28)
[2024-12-03 01:15:27.507] [error] Error: net::ERR_NAME_NOT_RESOLVED
    at SimpleURLLoaderWrapper.<anonymous> (node:electron/js2c/browser_init:2:115482)
    at SimpleURLLoaderWrapper.emit (node:events:519:28)
[2024-12-03 01:16:27.511] [error] Error: net::ERR_NAME_NOT_RESOLVED
    at SimpleURLLoaderWrapper.<anonymous> (node:electron/js2c/browser_init:2:115482)
    at SimpleURLLoaderWrapper.emit (node:events:519:28)
[2024-12-03 01:16:27.511] [error] Error: net::ERR_NAME_NOT_RESOLVED
    at SimpleURLLoaderWrapper.<anonymous> (node:electron/js2c/browser_init:2:115482)
    at SimpleURLLoaderWrapper.emit (node:events:519:28)
[2024-12-03 01:17:27.504] [error] Error: net::ERR_NAME_NOT_RESOLVED
    at SimpleURLLoaderWrapper.<anonymous> (node:electron/js2c/browser_init:2:115482)
    at SimpleURLLoaderWrapper.emit (node:events:519:28)
[2024-12-03 01:17:27.505] [error] Error: net::ERR_NAME_NOT_RESOLVED
    at SimpleURLLoaderWrapper.<anonymous> (node:electron/js2c/browser_init:2:115482)
    at SimpleURLLoaderWrapper.emit (node:events:519:28)
[2024-12-03 01:18:27.511] [error] Error: net::ERR_NAME_NOT_RESOLVED
    at SimpleURLLoaderWrapper.<anonymous> (node:electron/js2c/browser_init:2:115482)
    at SimpleURLLoaderWrapper.emit (node:events:519:28)
[2024-12-03 01:18:27.514] [error] Error: net::ERR_NAME_NOT_RESOLVED
    at SimpleURLLoaderWrapper.<anonymous> (node:electron/js2c/browser_init:2:115482)
    at SimpleURLLoaderWrapper.emit (node:events:519:28)
[2024-12-03 01:19:27.507] [error] Error: net::ERR_NAME_NOT_RESOLVED
    at SimpleURLLoaderWrapper.<anonymous> (node:electron/js2c/browser_init:2:115482)
    at SimpleURLLoaderWrapper.emit (node:events:519:28)
[2024-12-03 01:19:27.509] [error] Error: net::ERR_NAME_NOT_RESOLVED
    at SimpleURLLoaderWrapper.<anonymous> (node:electron/js2c/browser_init:2:115482)
    at SimpleURLLoaderWrapper.emit (node:events:519:28)
[2024-12-03 01:20:27.509] [error] Error: net::ERR_NAME_NOT_RESOLVED
    at SimpleURLLoaderWrapper.<anonymous> (node:electron/js2c/browser_init:2:115482)
    at SimpleURLLoaderWrapper.emit (node:events:519:28)
[2024-12-03 01:20:27.510] [error] Error: net::ERR_NAME_NOT_RESOLVED
    at SimpleURLLoaderWrapper.<anonymous> (node:electron/js2c/browser_init:2:115482)
    at SimpleURLLoaderWrapper.emit (node:events:519:28)
[2024-12-03 01:21:27.503] [error] Error: net::ERR_NAME_NOT_RESOLVED
    at SimpleURLLoaderWrapper.<anonymous> (node:electron/js2c/browser_init:2:115482)
    at SimpleURLLoaderWrapper.emit (node:events:519:28)
[2024-12-03 01:21:27.504] [error] Error: net::ERR_NAME_NOT_RESOLVED
    at SimpleURLLoaderWrapper.<anonymous> (node:electron/js2c/browser_init:2:115482)
    at SimpleURLLoaderWrapper.emit (node:events:519:28)
[2024-12-03 01:22:27.505] [error] Error: net::ERR_NAME_NOT_RESOLVED
    at SimpleURLLoaderWrapper.<anonymous> (node:electron/js2c/browser_init:2:115482)
    at SimpleURLLoaderWrapper.emit (node:events:519:28)
[2024-12-03 01:22:27.508] [error] Error: net::ERR_NAME_NOT_RESOLVED
    at SimpleURLLoaderWrapper.<anonymous> (node:electron/js2c/browser_init:2:115482)
    at SimpleURLLoaderWrapper.emit (node:events:519:28)
[2024-12-03 01:23:27.504] [error] Error: net::ERR_NAME_NOT_RESOLVED
    at SimpleURLLoaderWrapper.<anonymous> (node:electron/js2c/browser_init:2:115482)
    at SimpleURLLoaderWrapper.emit (node:events:519:28)
[2024-12-03 01:23:27.507] [error] Error: net::ERR_NAME_NOT_RESOLVED
    at SimpleURLLoaderWrapper.<anonymous> (node:electron/js2c/browser_init:2:115482)
    at SimpleURLLoaderWrapper.emit (node:events:519:28)
[2024-12-03 01:24:27.502] [error] Error: net::ERR_NAME_NOT_RESOLVED
    at SimpleURLLoaderWrapper.<anonymous> (node:electron/js2c/browser_init:2:115482)
    at SimpleURLLoaderWrapper.emit (node:events:519:28)
[2024-12-03 01:24:27.502] [error] Error: net::ERR_NAME_NOT_RESOLVED
    at SimpleURLLoaderWrapper.<anonymous> (node:electron/js2c/browser_init:2:115482)
    at SimpleURLLoaderWrapper.emit (node:events:519:28)
[2024-12-03 01:25:27.505] [error] Error: net::ERR_NAME_NOT_RESOLVED
    at SimpleURLLoaderWrapper.<anonymous> (node:electron/js2c/browser_init:2:115482)
    at SimpleURLLoaderWrapper.emit (node:events:519:28)
[2024-12-03 01:25:27.508] [error] Error: net::ERR_NAME_NOT_RESOLVED
    at SimpleURLLoaderWrapper.<anonymous> (node:electron/js2c/browser_init:2:115482)
    at SimpleURLLoaderWrapper.emit (node:events:519:28)
[2024-12-03 01:26:27.510] [error] Error: net::ERR_NAME_NOT_RESOLVED
    at SimpleURLLoaderWrapper.<anonymous> (node:electron/js2c/browser_init:2:115482)
    at SimpleURLLoaderWrapper.emit (node:events:519:28)
[2024-12-03 01:26:27.513] [error] Error: net::ERR_NAME_NOT_RESOLVED
    at SimpleURLLoaderWrapper.<anonymous> (node:electron/js2c/browser_init:2:115482)
    at SimpleURLLoaderWrapper.emit (node:events:519:28)
[2024-12-03 01:27:27.503] [error] Error: net::ERR_NAME_NOT_RESOLVED
    at SimpleURLLoaderWrapper.<anonymous> (node:electron/js2c/browser_init:2:115482)
    at SimpleURLLoaderWrapper.emit (node:events:519:28)
[2024-12-03 01:27:27.506] [error] Error: net::ERR_NAME_NOT_RESOLVED
    at SimpleURLLoaderWrapper.<anonymous> (node:electron/js2c/browser_init:2:115482)
    at SimpleURLLoaderWrapper.emit (node:events:519:28)
[2024-12-03 01:28:27.503] [error] Error: net::ERR_NAME_NOT_RESOLVED
    at SimpleURLLoaderWrapper.<anonymous> (node:electron/js2c/browser_init:2:115482)
    at SimpleURLLoaderWrapper.emit (node:events:519:28)
[2024-12-03 01:28:27.506] [error] Error: net::ERR_NAME_NOT_RESOLVED
    at SimpleURLLoaderWrapper.<anonymous> (node:electron/js2c/browser_init:2:115482)
    at SimpleURLLoaderWrapper.emit (node:events:519:28)
[2024-12-03 01:29:27.480] [error] Error: net::ERR_NAME_NOT_RESOLVED
    at SimpleURLLoaderWrapper.<anonymous> (node:electron/js2c/browser_init:2:115482)
    at SimpleURLLoaderWrapper.emit (node:events:519:28)
[2024-12-03 01:29:27.483] [error] Error: net::ERR_NAME_NOT_RESOLVED
    at SimpleURLLoaderWrapper.<anonymous> (node:electron/js2c/browser_init:2:115482)
    at SimpleURLLoaderWrapper.emit (node:events:519:28)
[2024-12-03 01:30:27.522] [error] Error: net::ERR_NAME_NOT_RESOLVED
    at SimpleURLLoaderWrapper.<anonymous> (node:electron/js2c/browser_init:2:115482)
    at SimpleURLLoaderWrapper.emit (node:events:519:28)
[2024-12-03 01:30:27.522] [error] Error: net::ERR_NAME_NOT_RESOLVED
    at SimpleURLLoaderWrapper.<anonymous> (node:electron/js2c/browser_init:2:115482)
    at SimpleURLLoaderWrapper.emit (node:events:519:28)
[2024-12-03 01:31:27.500] [error] Error: net::ERR_NAME_NOT_RESOLVED
    at SimpleURLLoaderWrapper.<anonymous> (node:electron/js2c/browser_init:2:115482)
    at SimpleURLLoaderWrapper.emit (node:events:519:28)
[2024-12-03 01:31:27.502] [error] Error: net::ERR_NAME_NOT_RESOLVED
    at SimpleURLLoaderWrapper.<anonymous> (node:electron/js2c/browser_init:2:115482)
    at SimpleURLLoaderWrapper.emit (node:events:519:28)
[2024-12-03 01:32:27.505] [error] Error: net::ERR_NAME_NOT_RESOLVED
    at SimpleURLLoaderWrapper.<anonymous> (node:electron/js2c/browser_init:2:115482)
    at SimpleURLLoaderWrapper.emit (node:events:519:28)
[2024-12-03 01:32:27.508] [error] Error: net::ERR_NAME_NOT_RESOLVED
    at SimpleURLLoaderWrapper.<anonymous> (node:electron/js2c/browser_init:2:115482)
    at SimpleURLLoaderWrapper.emit (node:events:519:28)
[2024-12-03 01:33:27.490] [error] Error: net::ERR_NAME_NOT_RESOLVED
    at SimpleURLLoaderWrapper.<anonymous> (node:electron/js2c/browser_init:2:115482)
    at SimpleURLLoaderWrapper.emit (node:events:519:28)
[2024-12-03 01:33:27.493] [error] Error: net::ERR_NAME_NOT_RESOLVED
    at SimpleURLLoaderWrapper.<anonymous> (node:electron/js2c/browser_init:2:115482)
    at SimpleURLLoaderWrapper.emit (node:events:519:28)
[2024-12-03 01:34:27.503] [error] Error: net::ERR_NAME_NOT_RESOLVED
    at SimpleURLLoaderWrapper.<anonymous> (node:electron/js2c/browser_init:2:115482)
    at SimpleURLLoaderWrapper.emit (node:events:519:28)
[2024-12-03 01:34:27.505] [error] Error: net::ERR_NAME_NOT_RESOLVED
    at SimpleURLLoaderWrapper.<anonymous> (node:electron/js2c/browser_init:2:115482)
    at SimpleURLLoaderWrapper.emit (node:events:519:28)
[2024-12-03 01:35:27.498] [error] Error: net::ERR_NAME_NOT_RESOLVED
    at SimpleURLLoaderWrapper.<anonymous> (node:electron/js2c/browser_init:2:115482)
    at SimpleURLLoaderWrapper.emit (node:events:519:28)
[2024-12-03 01:35:27.501] [error] Error: net::ERR_NAME_NOT_RESOLVED
    at SimpleURLLoaderWrapper.<anonymous> (node:electron/js2c/browser_init:2:115482)
    at SimpleURLLoaderWrapper.emit (node:events:519:28)
[2024-12-03 01:36:27.512] [error] Error: net::ERR_NAME_NOT_RESOLVED
    at SimpleURLLoaderWrapper.<anonymous> (node:electron/js2c/browser_init:2:115482)
    at SimpleURLLoaderWrapper.emit (node:events:519:28)
[2024-12-03 01:36:27.514] [error] Error: net::ERR_NAME_NOT_RESOLVED
    at SimpleURLLoaderWrapper.<anonymous> (node:electron/js2c/browser_init:2:115482)
    at SimpleURLLoaderWrapper.emit (node:events:519:28)
[2024-12-03 01:37:27.507] [error] Error: net::ERR_NAME_NOT_RESOLVED
    at SimpleURLLoaderWrapper.<anonymous> (node:electron/js2c/browser_init:2:115482)
    at SimpleURLLoaderWrapper.emit (node:events:519:28)
[2024-12-03 01:37:27.510] [error] Error: net::ERR_NAME_NOT_RESOLVED
    at SimpleURLLoaderWrapper.<anonymous> (node:electron/js2c/browser_init:2:115482)
    at SimpleURLLoaderWrapper.emit (node:events:519:28)
[2024-12-03 01:38:27.500] [error] Error: net::ERR_NAME_NOT_RESOLVED
    at SimpleURLLoaderWrapper.<anonymous> (node:electron/js2c/browser_init:2:115482)
    at SimpleURLLoaderWrapper.emit (node:events:519:28)
[2024-12-03 01:38:27.503] [error] Error: net::ERR_NAME_NOT_RESOLVED
    at SimpleURLLoaderWrapper.<anonymous> (node:electron/js2c/browser_init:2:115482)
    at SimpleURLLoaderWrapper.emit (node:events:519:28)
[2024-12-03 01:39:27.501] [error] Error: net::ERR_NAME_NOT_RESOLVED
    at SimpleURLLoaderWrapper.<anonymous> (node:electron/js2c/browser_init:2:115482)
    at SimpleURLLoaderWrapper.emit (node:events:519:28)
[2024-12-03 01:39:27.503] [error] Error: net::ERR_NAME_NOT_RESOLVED
    at SimpleURLLoaderWrapper.<anonymous> (node:electron/js2c/browser_init:2:115482)
    at SimpleURLLoaderWrapper.emit (node:events:519:28)
[2024-12-03 01:40:27.504] [error] Error: net::ERR_NAME_NOT_RESOLVED
    at SimpleURLLoaderWrapper.<anonymous> (node:electron/js2c/browser_init:2:115482)
    at SimpleURLLoaderWrapper.emit (node:events:519:28)
[2024-12-03 01:40:27.507] [error] Error: net::ERR_NAME_NOT_RESOLVED
    at SimpleURLLoaderWrapper.<anonymous> (node:electron/js2c/browser_init:2:115482)
    at SimpleURLLoaderWrapper.emit (node:events:519:28)
[2024-12-03 01:41:27.502] [error] Error: net::ERR_NAME_NOT_RESOLVED
    at SimpleURLLoaderWrapper.<anonymous> (node:electron/js2c/browser_init:2:115482)
    at SimpleURLLoaderWrapper.emit (node:events:519:28)
[2024-12-03 01:41:27.503] [error] Error: net::ERR_NAME_NOT_RESOLVED
    at SimpleURLLoaderWrapper.<anonymous> (node:electron/js2c/browser_init:2:115482)
    at SimpleURLLoaderWrapper.emit (node:events:519:28)
[2024-12-03 01:42:27.507] [error] Error: net::ERR_NAME_NOT_RESOLVED
    at SimpleURLLoaderWrapper.<anonymous> (node:electron/js2c/browser_init:2:115482)
    at SimpleURLLoaderWrapper.emit (node:events:519:28)
[2024-12-03 01:42:27.507] [error] Error: net::ERR_NAME_NOT_RESOLVED
    at SimpleURLLoaderWrapper.<anonymous> (node:electron/js2c/browser_init:2:115482)
    at SimpleURLLoaderWrapper.emit (node:events:519:28)
[2024-12-03 01:43:27.494] [error] Error: net::ERR_NAME_NOT_RESOLVED
    at SimpleURLLoaderWrapper.<anonymous> (node:electron/js2c/browser_init:2:115482)
    at SimpleURLLoaderWrapper.emit (node:events:519:28)
[2024-12-03 01:43:27.495] [error] Error: net::ERR_NAME_NOT_RESOLVED
    at SimpleURLLoaderWrapper.<anonymous> (node:electron/js2c/browser_init:2:115482)
    at SimpleURLLoaderWrapper.emit (node:events:519:28)
[2024-12-03 01:44:27.504] [error] Error: net::ERR_NAME_NOT_RESOLVED
    at SimpleURLLoaderWrapper.<anonymous> (node:electron/js2c/browser_init:2:115482)
    at SimpleURLLoaderWrapper.emit (node:events:519:28)
[2024-12-03 01:44:27.505] [error] Error: net::ERR_NAME_NOT_RESOLVED
    at SimpleURLLoaderWrapper.<anonymous> (node:electron/js2c/browser_init:2:115482)
    at SimpleURLLoaderWrapper.emit (node:events:519:28)
[2024-12-03 01:45:27.504] [error] Error: net::ERR_NAME_NOT_RESOLVED
    at SimpleURLLoaderWrapper.<anonymous> (node:electron/js2c/browser_init:2:115482)
    at SimpleURLLoaderWrapper.emit (node:events:519:28)
[2024-12-03 01:45:27.507] [error] Error: net::ERR_NAME_NOT_RESOLVED
    at SimpleURLLoaderWrapper.<anonymous> (node:electron/js2c/browser_init:2:115482)
    at SimpleURLLoaderWrapper.emit (node:events:519:28)
[2024-12-03 01:46:27.483] [error] Error: net::ERR_NAME_NOT_RESOLVED
    at SimpleURLLoaderWrapper.<anonymous> (node:electron/js2c/browser_init:2:115482)
    at SimpleURLLoaderWrapper.emit (node:events:519:28)
[2024-12-03 01:46:27.486] [error] Error: net::ERR_NAME_NOT_RESOLVED
    at SimpleURLLoaderWrapper.<anonymous> (node:electron/js2c/browser_init:2:115482)
    at SimpleURLLoaderWrapper.emit (node:events:519:28)
[2024-12-03 01:47:27.525] [error] Error: net::ERR_NAME_NOT_RESOLVED
    at SimpleURLLoaderWrapper.<anonymous> (node:electron/js2c/browser_init:2:115482)
    at SimpleURLLoaderWrapper.emit (node:events:519:28)
[2024-12-03 01:47:27.525] [error] Error: net::ERR_NAME_NOT_RESOLVED
    at SimpleURLLoaderWrapper.<anonymous> (node:electron/js2c/browser_init:2:115482)
    at SimpleURLLoaderWrapper.emit (node:events:519:28)
[2024-12-03 01:48:27.511] [error] Error: net::ERR_NAME_NOT_RESOLVED
    at SimpleURLLoaderWrapper.<anonymous> (node:electron/js2c/browser_init:2:115482)
    at SimpleURLLoaderWrapper.emit (node:events:519:28)
[2024-12-03 01:48:27.514] [error] Error: net::ERR_NAME_NOT_RESOLVED
    at SimpleURLLoaderWrapper.<anonymous> (node:electron/js2c/browser_init:2:115482)
    at SimpleURLLoaderWrapper.emit (node:events:519:28)
[2024-12-03 01:49:27.500] [error] Error: net::ERR_NAME_NOT_RESOLVED
    at SimpleURLLoaderWrapper.<anonymous> (node:electron/js2c/browser_init:2:115482)
    at SimpleURLLoaderWrapper.emit (node:events:519:28)
[2024-12-03 01:49:27.503] [error] Error: net::ERR_NAME_NOT_RESOLVED
    at SimpleURLLoaderWrapper.<anonymous> (node:electron/js2c/browser_init:2:115482)
    at SimpleURLLoaderWrapper.emit (node:events:519:28)
[2024-12-03 01:50:27.503] [error] Error: net::ERR_NAME_NOT_RESOLVED
    at SimpleURLLoaderWrapper.<anonymous> (node:electron/js2c/browser_init:2:115482)
    at SimpleURLLoaderWrapper.emit (node:events:519:28)
[2024-12-03 01:50:27.506] [error] Error: net::ERR_NAME_NOT_RESOLVED
    at SimpleURLLoaderWrapper.<anonymous> (node:electron/js2c/browser_init:2:115482)
    at SimpleURLLoaderWrapper.emit (node:events:519:28)
[2024-12-03 01:51:27.511] [error] Error: net::ERR_NAME_NOT_RESOLVED
    at SimpleURLLoaderWrapper.<anonymous> (node:electron/js2c/browser_init:2:115482)
    at SimpleURLLoaderWrapper.emit (node:events:519:28)
[2024-12-03 01:51:27.512] [error] Error: net::ERR_NAME_NOT_RESOLVED
    at SimpleURLLoaderWrapper.<anonymous> (node:electron/js2c/browser_init:2:115482)
    at SimpleURLLoaderWrapper.emit (node:events:519:28)
[2024-12-03 01:52:27.509] [error] Error: net::ERR_NAME_NOT_RESOLVED
    at SimpleURLLoaderWrapper.<anonymous> (node:electron/js2c/browser_init:2:115482)
    at SimpleURLLoaderWrapper.emit (node:events:519:28)
[2024-12-03 01:52:27.512] [error] Error: net::ERR_NAME_NOT_RESOLVED
    at SimpleURLLoaderWrapper.<anonymous> (node:electron/js2c/browser_init:2:115482)
    at SimpleURLLoaderWrapper.emit (node:events:519:28)
[2024-12-03 01:53:27.493] [error] Error: net::ERR_NAME_NOT_RESOLVED
    at SimpleURLLoaderWrapper.<anonymous> (node:electron/js2c/browser_init:2:115482)
    at SimpleURLLoaderWrapper.emit (node:events:519:28)
[2024-12-03 01:53:27.496] [error] Error: net::ERR_NAME_NOT_RESOLVED
    at SimpleURLLoaderWrapper.<anonymous> (node:electron/js2c/browser_init:2:115482)
    at SimpleURLLoaderWrapper.emit (node:events:519:28)
[2024-12-03 01:54:27.490] [error] Error: net::ERR_NAME_NOT_RESOLVED
    at SimpleURLLoaderWrapper.<anonymous> (node:electron/js2c/browser_init:2:115482)
    at SimpleURLLoaderWrapper.emit (node:events:519:28)
[2024-12-03 01:54:27.492] [error] Error: net::ERR_NAME_NOT_RESOLVED
    at SimpleURLLoaderWrapper.<anonymous> (node:electron/js2c/browser_init:2:115482)
    at SimpleURLLoaderWrapper.emit (node:events:519:28)
[2024-12-03 01:55:27.496] [error] Error: net::ERR_NAME_NOT_RESOLVED
    at SimpleURLLoaderWrapper.<anonymous> (node:electron/js2c/browser_init:2:115482)
    at SimpleURLLoaderWrapper.emit (node:events:519:28)
[2024-12-03 01:55:27.500] [error] Error: net::ERR_NAME_NOT_RESOLVED
    at SimpleURLLoaderWrapper.<anonymous> (node:electron/js2c/browser_init:2:115482)
    at SimpleURLLoaderWrapper.emit (node:events:519:28)
[2024-12-03 01:56:27.491] [error] Error: net::ERR_NAME_NOT_RESOLVED
    at SimpleURLLoaderWrapper.<anonymous> (node:electron/js2c/browser_init:2:115482)
    at SimpleURLLoaderWrapper.emit (node:events:519:28)
[2024-12-03 01:56:27.491] [error] Error: net::ERR_NAME_NOT_RESOLVED
    at SimpleURLLoaderWrapper.<anonymous> (node:electron/js2c/browser_init:2:115482)
    at SimpleURLLoaderWrapper.emit (node:events:519:28)
[2024-12-03 01:57:27.502] [error] Error: net::ERR_NAME_NOT_RESOLVED
    at SimpleURLLoaderWrapper.<anonymous> (node:electron/js2c/browser_init:2:115482)
    at SimpleURLLoaderWrapper.emit (node:events:519:28)
[2024-12-03 01:57:27.505] [error] Error: net::ERR_NAME_NOT_RESOLVED
    at SimpleURLLoaderWrapper.<anonymous> (node:electron/js2c/browser_init:2:115482)
    at SimpleURLLoaderWrapper.emit (node:events:519:28)
[2024-12-03 01:58:27.489] [error] Error: net::ERR_NAME_NOT_RESOLVED
    at SimpleURLLoaderWrapper.<anonymous> (node:electron/js2c/browser_init:2:115482)
    at SimpleURLLoaderWrapper.emit (node:events:519:28)
[2024-12-03 01:58:27.490] [error] Error: net::ERR_NAME_NOT_RESOLVED
    at SimpleURLLoaderWrapper.<anonymous> (node:electron/js2c/browser_init:2:115482)
    at SimpleURLLoaderWrapper.emit (node:events:519:28)
[2024-12-03 01:59:27.513] [error] Error: net::ERR_NAME_NOT_RESOLVED
    at SimpleURLLoaderWrapper.<anonymous> (node:electron/js2c/browser_init:2:115482)
    at SimpleURLLoaderWrapper.emit (node:events:519:28)
[2024-12-03 01:59:27.513] [error] Error: net::ERR_NAME_NOT_RESOLVED
    at SimpleURLLoaderWrapper.<anonymous> (node:electron/js2c/browser_init:2:115482)
    at SimpleURLLoaderWrapper.emit (node:events:519:28)
[2024-12-03 02:00:27.506] [error] Error: net::ERR_NAME_NOT_RESOLVED
    at SimpleURLLoaderWrapper.<anonymous> (node:electron/js2c/browser_init:2:115482)
    at SimpleURLLoaderWrapper.emit (node:events:519:28)
[2024-12-03 02:00:27.509] [error] Error: net::ERR_NAME_NOT_RESOLVED
    at SimpleURLLoaderWrapper.<anonymous> (node:electron/js2c/browser_init:2:115482)
    at SimpleURLLoaderWrapper.emit (node:events:519:28)
[2024-12-03 02:01:27.507] [error] Error: net::ERR_NAME_NOT_RESOLVED
    at SimpleURLLoaderWrapper.<anonymous> (node:electron/js2c/browser_init:2:115482)
    at SimpleURLLoaderWrapper.emit (node:events:519:28)
[2024-12-03 02:01:27.507] [error] Error: net::ERR_NAME_NOT_RESOLVED
    at SimpleURLLoaderWrapper.<anonymous> (node:electron/js2c/browser_init:2:115482)
    at SimpleURLLoaderWrapper.emit (node:events:519:28)
[2024-12-03 02:02:27.504] [error] Error: net::ERR_NAME_NOT_RESOLVED
    at SimpleURLLoaderWrapper.<anonymous> (node:electron/js2c/browser_init:2:115482)
    at SimpleURLLoaderWrapper.emit (node:events:519:28)
[2024-12-03 02:02:27.507] [error] Error: net::ERR_NAME_NOT_RESOLVED
    at SimpleURLLoaderWrapper.<anonymous> (node:electron/js2c/browser_init:2:115482)
    at SimpleURLLoaderWrapper.emit (node:events:519:28)
[2024-12-03 02:03:27.503] [error] Error: net::ERR_NAME_NOT_RESOLVED
    at SimpleURLLoaderWrapper.<anonymous> (node:electron/js2c/browser_init:2:115482)
    at SimpleURLLoaderWrapper.emit (node:events:519:28)
[2024-12-03 02:03:27.504] [error] Error: net::ERR_NAME_NOT_RESOLVED
    at SimpleURLLoaderWrapper.<anonymous> (node:electron/js2c/browser_init:2:115482)
    at SimpleURLLoaderWrapper.emit (node:events:519:28)
[2024-12-03 02:04:27.510] [error] Error: net::ERR_NAME_NOT_RESOLVED
    at SimpleURLLoaderWrapper.<anonymous> (node:electron/js2c/browser_init:2:115482)
    at SimpleURLLoaderWrapper.emit (node:events:519:28)
[2024-12-03 02:04:27.510] [error] Error: net::ERR_NAME_NOT_RESOLVED
    at SimpleURLLoaderWrapper.<anonymous> (node:electron/js2c/browser_init:2:115482)
    at SimpleURLLoaderWrapper.emit (node:events:519:28)
[2024-12-03 02:05:27.503] [error] Error: net::ERR_NAME_NOT_RESOLVED
    at SimpleURLLoaderWrapper.<anonymous> (node:electron/js2c/browser_init:2:115482)
    at SimpleURLLoaderWrapper.emit (node:events:519:28)
[2024-12-03 02:05:27.506] [error] Error: net::ERR_NAME_NOT_RESOLVED
    at SimpleURLLoaderWrapper.<anonymous> (node:electron/js2c/browser_init:2:115482)
    at SimpleURLLoaderWrapper.emit (node:events:519:28)
[2024-12-03 02:06:27.506] [error] Error: net::ERR_NAME_NOT_RESOLVED
    at SimpleURLLoaderWrapper.<anonymous> (node:electron/js2c/browser_init:2:115482)
    at SimpleURLLoaderWrapper.emit (node:events:519:28)
[2024-12-03 02:06:27.509] [error] Error: net::ERR_NAME_NOT_RESOLVED
    at SimpleURLLoaderWrapper.<anonymous> (node:electron/js2c/browser_init:2:115482)
    at SimpleURLLoaderWrapper.emit (node:events:519:28)
[2024-12-03 02:07:27.504] [error] Error: net::ERR_NAME_NOT_RESOLVED
    at SimpleURLLoaderWrapper.<anonymous> (node:electron/js2c/browser_init:2:115482)
    at SimpleURLLoaderWrapper.emit (node:events:519:28)
[2024-12-03 02:07:27.507] [error] Error: net::ERR_NAME_NOT_RESOLVED
    at SimpleURLLoaderWrapper.<anonymous> (node:electron/js2c/browser_init:2:115482)
    at SimpleURLLoaderWrapper.emit (node:events:519:28)
[2024-12-03 02:08:27.503] [error] Error: net::ERR_NAME_NOT_RESOLVED
    at SimpleURLLoaderWrapper.<anonymous> (node:electron/js2c/browser_init:2:115482)
    at SimpleURLLoaderWrapper.emit (node:events:519:28)
[2024-12-03 02:08:27.506] [error] Error: net::ERR_NAME_NOT_RESOLVED
    at SimpleURLLoaderWrapper.<anonymous> (node:electron/js2c/browser_init:2:115482)
    at SimpleURLLoaderWrapper.emit (node:events:519:28)
[2024-12-03 02:09:27.509] [error] Error: net::ERR_NAME_NOT_RESOLVED
    at SimpleURLLoaderWrapper.<anonymous> (node:electron/js2c/browser_init:2:115482)
    at SimpleURLLoaderWrapper.emit (node:events:519:28)
[2024-12-03 02:09:27.512] [error] Error: net::ERR_NAME_NOT_RESOLVED
    at SimpleURLLoaderWrapper.<anonymous> (node:electron/js2c/browser_init:2:115482)
    at SimpleURLLoaderWrapper.emit (node:events:519:28)
[2024-12-03 02:10:27.497] [error] Error: net::ERR_NAME_NOT_RESOLVED
    at SimpleURLLoaderWrapper.<anonymous> (node:electron/js2c/browser_init:2:115482)
    at SimpleURLLoaderWrapper.emit (node:events:519:28)
[2024-12-03 02:10:27.500] [error] Error: net::ERR_NAME_NOT_RESOLVED
    at SimpleURLLoaderWrapper.<anonymous> (node:electron/js2c/browser_init:2:115482)
    at SimpleURLLoaderWrapper.emit (node:events:519:28)
[2024-12-03 02:11:27.504] [error] Error: net::ERR_NAME_NOT_RESOLVED
    at SimpleURLLoaderWrapper.<anonymous> (node:electron/js2c/browser_init:2:115482)
    at SimpleURLLoaderWrapper.emit (node:events:519:28)
[2024-12-03 02:11:27.505] [error] Error: net::ERR_NAME_NOT_RESOLVED
    at SimpleURLLoaderWrapper.<anonymous> (node:electron/js2c/browser_init:2:115482)
    at SimpleURLLoaderWrapper.emit (node:events:519:28)
[2024-12-03 02:12:27.495] [error] Error: net::ERR_NAME_NOT_RESOLVED
    at SimpleURLLoaderWrapper.<anonymous> (node:electron/js2c/browser_init:2:115482)
    at SimpleURLLoaderWrapper.emit (node:events:519:28)
[2024-12-03 02:12:27.495] [error] Error: net::ERR_NAME_NOT_RESOLVED
    at SimpleURLLoaderWrapper.<anonymous> (node:electron/js2c/browser_init:2:115482)
    at SimpleURLLoaderWrapper.emit (node:events:519:28)
[2024-12-03 02:13:27.493] [error] Error: net::ERR_NAME_NOT_RESOLVED
    at SimpleURLLoaderWrapper.<anonymous> (node:electron/js2c/browser_init:2:115482)
    at SimpleURLLoaderWrapper.emit (node:events:519:28)
[2024-12-03 02:13:27.496] [error] Error: net::ERR_NAME_NOT_RESOLVED
    at SimpleURLLoaderWrapper.<anonymous> (node:electron/js2c/browser_init:2:115482)
    at SimpleURLLoaderWrapper.emit (node:events:519:28)
[2024-12-03 02:14:27.498] [error] Error: net::ERR_NAME_NOT_RESOLVED
    at SimpleURLLoaderWrapper.<anonymous> (node:electron/js2c/browser_init:2:115482)
    at SimpleURLLoaderWrapper.emit (node:events:519:28)
[2024-12-03 02:14:27.501] [error] Error: net::ERR_NAME_NOT_RESOLVED
    at SimpleURLLoaderWrapper.<anonymous> (node:electron/js2c/browser_init:2:115482)
    at SimpleURLLoaderWrapper.emit (node:events:519:28)
[2024-12-03 02:15:27.496] [error] Error: net::ERR_NAME_NOT_RESOLVED
    at SimpleURLLoaderWrapper.<anonymous> (node:electron/js2c/browser_init:2:115482)
    at SimpleURLLoaderWrapper.emit (node:events:519:28)
[2024-12-03 02:15:27.499] [error] Error: net::ERR_NAME_NOT_RESOLVED
    at SimpleURLLoaderWrapper.<anonymous> (node:electron/js2c/browser_init:2:115482)
    at SimpleURLLoaderWrapper.emit (node:events:519:28)
[2024-12-03 02:16:27.498] [error] Error: net::ERR_NAME_NOT_RESOLVED
    at SimpleURLLoaderWrapper.<anonymous> (node:electron/js2c/browser_init:2:115482)
    at SimpleURLLoaderWrapper.emit (node:events:519:28)
[2024-12-03 02:16:27.500] [error] Error: net::ERR_NAME_NOT_RESOLVED
    at SimpleURLLoaderWrapper.<anonymous> (node:electron/js2c/browser_init:2:115482)
    at SimpleURLLoaderWrapper.emit (node:events:519:28)
[2024-12-03 02:17:27.505] [error] Error: net::ERR_NAME_NOT_RESOLVED
    at SimpleURLLoaderWrapper.<anonymous> (node:electron/js2c/browser_init:2:115482)
    at SimpleURLLoaderWrapper.emit (node:events:519:28)
[2024-12-03 02:17:27.507] [error] Error: net::ERR_NAME_NOT_RESOLVED
    at SimpleURLLoaderWrapper.<anonymous> (node:electron/js2c/browser_init:2:115482)
    at SimpleURLLoaderWrapper.emit (node:events:519:28)
[2024-12-03 02:18:27.505] [error] Error: net::ERR_NAME_NOT_RESOLVED
    at SimpleURLLoaderWrapper.<anonymous> (node:electron/js2c/browser_init:2:115482)
    at SimpleURLLoaderWrapper.emit (node:events:519:28)
[2024-12-03 02:18:27.506] [error] Error: net::ERR_NAME_NOT_RESOLVED
    at SimpleURLLoaderWrapper.<anonymous> (node:electron/js2c/browser_init:2:115482)
    at SimpleURLLoaderWrapper.emit (node:events:519:28)
[2024-12-03 02:19:27.497] [error] Error: net::ERR_NAME_NOT_RESOLVED
    at SimpleURLLoaderWrapper.<anonymous> (node:electron/js2c/browser_init:2:115482)
    at SimpleURLLoaderWrapper.emit (node:events:519:28)
[2024-12-03 02:19:27.500] [error] Error: net::ERR_NAME_NOT_RESOLVED
    at SimpleURLLoaderWrapper.<anonymous> (node:electron/js2c/browser_init:2:115482)
    at SimpleURLLoaderWrapper.emit (node:events:519:28)
[2024-12-03 02:20:27.497] [error] Error: net::ERR_NAME_NOT_RESOLVED
    at SimpleURLLoaderWrapper.<anonymous> (node:electron/js2c/browser_init:2:115482)
    at SimpleURLLoaderWrapper.emit (node:events:519:28)
[2024-12-03 02:20:27.500] [error] Error: net::ERR_NAME_NOT_RESOLVED
    at SimpleURLLoaderWrapper.<anonymous> (node:electron/js2c/browser_init:2:115482)
    at SimpleURLLoaderWrapper.emit (node:events:519:28)
[2024-12-03 02:21:27.507] [error] Error: net::ERR_NAME_NOT_RESOLVED
    at SimpleURLLoaderWrapper.<anonymous> (node:electron/js2c/browser_init:2:115482)
    at SimpleURLLoaderWrapper.emit (node:events:519:28)
[2024-12-03 02:21:27.508] [error] Error: net::ERR_NAME_NOT_RESOLVED
    at SimpleURLLoaderWrapper.<anonymous> (node:electron/js2c/browser_init:2:115482)
    at SimpleURLLoaderWrapper.emit (node:events:519:28)
[2024-12-03 02:22:27.501] [error] Error: net::ERR_NAME_NOT_RESOLVED
    at SimpleURLLoaderWrapper.<anonymous> (node:electron/js2c/browser_init:2:115482)
    at SimpleURLLoaderWrapper.emit (node:events:519:28)
[2024-12-03 02:22:27.504] [error] Error: net::ERR_NAME_NOT_RESOLVED
    at SimpleURLLoaderWrapper.<anonymous> (node:electron/js2c/browser_init:2:115482)
    at SimpleURLLoaderWrapper.emit (node:events:519:28)
[2024-12-03 02:23:27.510] [error] Error: net::ERR_NAME_NOT_RESOLVED
    at SimpleURLLoaderWrapper.<anonymous> (node:electron/js2c/browser_init:2:115482)
    at SimpleURLLoaderWrapper.emit (node:events:519:28)
[2024-12-03 02:23:27.513] [error] Error: net::ERR_NAME_NOT_RESOLVED
    at SimpleURLLoaderWrapper.<anonymous> (node:electron/js2c/browser_init:2:115482)
    at SimpleURLLoaderWrapper.emit (node:events:519:28)
[2024-12-03 02:24:27.506] [error] Error: net::ERR_NAME_NOT_RESOLVED
    at SimpleURLLoaderWrapper.<anonymous> (node:electron/js2c/browser_init:2:115482)
    at SimpleURLLoaderWrapper.emit (node:events:519:28)
[2024-12-03 02:24:27.508] [error] Error: net::ERR_NAME_NOT_RESOLVED
    at SimpleURLLoaderWrapper.<anonymous> (node:electron/js2c/browser_init:2:115482)
    at SimpleURLLoaderWrapper.emit (node:events:519:28)
[2024-12-03 02:25:27.510] [error] Error: net::ERR_NAME_NOT_RESOLVED
    at SimpleURLLoaderWrapper.<anonymous> (node:electron/js2c/browser_init:2:115482)
    at SimpleURLLoaderWrapper.emit (node:events:519:28)
[2024-12-03 02:25:27.513] [error] Error: net::ERR_NAME_NOT_RESOLVED
    at SimpleURLLoaderWrapper.<anonymous> (node:electron/js2c/browser_init:2:115482)
    at SimpleURLLoaderWrapper.emit (node:events:519:28)
[2024-12-03 02:26:27.500] [error] Error: net::ERR_NAME_NOT_RESOLVED
    at SimpleURLLoaderWrapper.<anonymous> (node:electron/js2c/browser_init:2:115482)
    at SimpleURLLoaderWrapper.emit (node:events:519:28)
[2024-12-03 02:26:27.500] [error] Error: net::ERR_NAME_NOT_RESOLVED
    at SimpleURLLoaderWrapper.<anonymous> (node:electron/js2c/browser_init:2:115482)
    at SimpleURLLoaderWrapper.emit (node:events:519:28)
[2024-12-03 02:27:27.496] [error] Error: net::ERR_NAME_NOT_RESOLVED
    at SimpleURLLoaderWrapper.<anonymous> (node:electron/js2c/browser_init:2:115482)
    at SimpleURLLoaderWrapper.emit (node:events:519:28)
[2024-12-03 02:27:27.497] [error] Error: net::ERR_NAME_NOT_RESOLVED
    at SimpleURLLoaderWrapper.<anonymous> (node:electron/js2c/browser_init:2:115482)
    at SimpleURLLoaderWrapper.emit (node:events:519:28)
[2024-12-03 02:28:27.514] [error] Error: net::ERR_NAME_NOT_RESOLVED
    at SimpleURLLoaderWrapper.<anonymous> (node:electron/js2c/browser_init:2:115482)
    at SimpleURLLoaderWrapper.emit (node:events:519:28)
[2024-12-03 02:28:27.517] [error] Error: net::ERR_NAME_NOT_RESOLVED
    at SimpleURLLoaderWrapper.<anonymous> (node:electron/js2c/browser_init:2:115482)
    at SimpleURLLoaderWrapper.emit (node:events:519:28)
[2024-12-03 02:29:27.506] [error] Error: net::ERR_NAME_NOT_RESOLVED
    at SimpleURLLoaderWrapper.<anonymous> (node:electron/js2c/browser_init:2:115482)
    at SimpleURLLoaderWrapper.emit (node:events:519:28)
[2024-12-03 02:29:27.508] [error] Error: net::ERR_NAME_NOT_RESOLVED
    at SimpleURLLoaderWrapper.<anonymous> (node:electron/js2c/browser_init:2:115482)
    at SimpleURLLoaderWrapper.emit (node:events:519:28)
[2024-12-03 02:30:27.510] [error] Error: net::ERR_NAME_NOT_RESOLVED
    at SimpleURLLoaderWrapper.<anonymous> (node:electron/js2c/browser_init:2:115482)
    at SimpleURLLoaderWrapper.emit (node:events:519:28)
[2024-12-03 02:30:27.513] [error] Error: net::ERR_NAME_NOT_RESOLVED
    at SimpleURLLoaderWrapper.<anonymous> (node:electron/js2c/browser_init:2:115482)
    at SimpleURLLoaderWrapper.emit (node:events:519:28)
[2024-12-03 02:31:27.506] [error] Error: net::ERR_NAME_NOT_RESOLVED
    at SimpleURLLoaderWrapper.<anonymous> (node:electron/js2c/browser_init:2:115482)
    at SimpleURLLoaderWrapper.emit (node:events:519:28)
[2024-12-03 02:31:27.509] [error] Error: net::ERR_NAME_NOT_RESOLVED
    at SimpleURLLoaderWrapper.<anonymous> (node:electron/js2c/browser_init:2:115482)
    at SimpleURLLoaderWrapper.emit (node:events:519:28)
[2024-12-03 02:32:27.511] [error] Error: net::ERR_NAME_NOT_RESOLVED
    at SimpleURLLoaderWrapper.<anonymous> (node:electron/js2c/browser_init:2:115482)
    at SimpleURLLoaderWrapper.emit (node:events:519:28)
[2024-12-03 02:32:27.512] [error] Error: net::ERR_NAME_NOT_RESOLVED
    at SimpleURLLoaderWrapper.<anonymous> (node:electron/js2c/browser_init:2:115482)
    at SimpleURLLoaderWrapper.emit (node:events:519:28)
[2024-12-03 02:33:27.498] [error] Error: net::ERR_NAME_NOT_RESOLVED
    at SimpleURLLoaderWrapper.<anonymous> (node:electron/js2c/browser_init:2:115482)
    at SimpleURLLoaderWrapper.emit (node:events:519:28)
[2024-12-03 02:33:27.501] [error] Error: net::ERR_NAME_NOT_RESOLVED
    at SimpleURLLoaderWrapper.<anonymous> (node:electron/js2c/browser_init:2:115482)
    at SimpleURLLoaderWrapper.emit (node:events:519:28)
[2024-12-03 02:34:27.510] [error] Error: net::ERR_NAME_NOT_RESOLVED
    at SimpleURLLoaderWrapper.<anonymous> (node:electron/js2c/browser_init:2:115482)
    at SimpleURLLoaderWrapper.emit (node:events:519:28)
[2024-12-03 02:34:27.513] [error] Error: net::ERR_NAME_NOT_RESOLVED
    at SimpleURLLoaderWrapper.<anonymous> (node:electron/js2c/browser_init:2:115482)
    at SimpleURLLoaderWrapper.emit (node:events:519:28)
[2024-12-03 02:35:27.511] [error] Error: net::ERR_NAME_NOT_RESOLVED
    at SimpleURLLoaderWrapper.<anonymous> (node:electron/js2c/browser_init:2:115482)
    at SimpleURLLoaderWrapper.emit (node:events:519:28)
[2024-12-03 02:35:27.512] [error] Error: net::ERR_NAME_NOT_RESOLVED
    at SimpleURLLoaderWrapper.<anonymous> (node:electron/js2c/browser_init:2:115482)
    at SimpleURLLoaderWrapper.emit (node:events:519:28)
[2024-12-03 02:36:27.497] [error] Error: net::ERR_NAME_NOT_RESOLVED
    at SimpleURLLoaderWrapper.<anonymous> (node:electron/js2c/browser_init:2:115482)
    at SimpleURLLoaderWrapper.emit (node:events:519:28)
[2024-12-03 02:36:27.500] [error] Error: net::ERR_NAME_NOT_RESOLVED
    at SimpleURLLoaderWrapper.<anonymous> (node:electron/js2c/browser_init:2:115482)
    at SimpleURLLoaderWrapper.emit (node:events:519:28)
[2024-12-03 02:37:27.494] [error] Error: net::ERR_NAME_NOT_RESOLVED
    at SimpleURLLoaderWrapper.<anonymous> (node:electron/js2c/browser_init:2:115482)
    at SimpleURLLoaderWrapper.emit (node:events:519:28)
[2024-12-03 02:37:27.497] [error] Error: net::ERR_NAME_NOT_RESOLVED
    at SimpleURLLoaderWrapper.<anonymous> (node:electron/js2c/browser_init:2:115482)
    at SimpleURLLoaderWrapper.emit (node:events:519:28)
[2024-12-03 02:38:27.507] [error] Error: net::ERR_NAME_NOT_RESOLVED
    at SimpleURLLoaderWrapper.<anonymous> (node:electron/js2c/browser_init:2:115482)
    at SimpleURLLoaderWrapper.emit (node:events:519:28)
[2024-12-03 02:38:27.509] [error] Error: net::ERR_NAME_NOT_RESOLVED
    at SimpleURLLoaderWrapper.<anonymous> (node:electron/js2c/browser_init:2:115482)
    at SimpleURLLoaderWrapper.emit (node:events:519:28)
[2024-12-03 02:39:27.510] [error] Error: net::ERR_NAME_NOT_RESOLVED
    at SimpleURLLoaderWrapper.<anonymous> (node:electron/js2c/browser_init:2:115482)
    at SimpleURLLoaderWrapper.emit (node:events:519:28)
[2024-12-03 02:39:27.513] [error] Error: net::ERR_NAME_NOT_RESOLVED
    at SimpleURLLoaderWrapper.<anonymous> (node:electron/js2c/browser_init:2:115482)
    at SimpleURLLoaderWrapper.emit (node:events:519:28)
[2024-12-03 02:40:27.500] [error] Error: net::ERR_NAME_NOT_RESOLVED
    at SimpleURLLoaderWrapper.<anonymous> (node:electron/js2c/browser_init:2:115482)
    at SimpleURLLoaderWrapper.emit (node:events:519:28)
[2024-12-03 02:40:27.503] [error] Error: net::ERR_NAME_NOT_RESOLVED
    at SimpleURLLoaderWrapper.<anonymous> (node:electron/js2c/browser_init:2:115482)
    at SimpleURLLoaderWrapper.emit (node:events:519:28)
[2024-12-03 02:41:27.496] [error] Error: net::ERR_NAME_NOT_RESOLVED
    at SimpleURLLoaderWrapper.<anonymous> (node:electron/js2c/browser_init:2:115482)
    at SimpleURLLoaderWrapper.emit (node:events:519:28)
[2024-12-03 02:41:27.497] [error] Error: net::ERR_NAME_NOT_RESOLVED
    at SimpleURLLoaderWrapper.<anonymous> (node:electron/js2c/browser_init:2:115482)
    at SimpleURLLoaderWrapper.emit (node:events:519:28)
[2024-12-03 02:42:27.493] [error] Error: net::ERR_NAME_NOT_RESOLVED
    at SimpleURLLoaderWrapper.<anonymous> (node:electron/js2c/browser_init:2:115482)
    at SimpleURLLoaderWrapper.emit (node:events:519:28)
[2024-12-03 02:42:27.496] [error] Error: net::ERR_NAME_NOT_RESOLVED
    at SimpleURLLoaderWrapper.<anonymous> (node:electron/js2c/browser_init:2:115482)
    at SimpleURLLoaderWrapper.emit (node:events:519:28)
[2024-12-03 02:43:27.505] [error] Error: net::ERR_NAME_NOT_RESOLVED
    at SimpleURLLoaderWrapper.<anonymous> (node:electron/js2c/browser_init:2:115482)
    at SimpleURLLoaderWrapper.emit (node:events:519:28)
[2024-12-03 02:43:27.508] [error] Error: net::ERR_NAME_NOT_RESOLVED
    at SimpleURLLoaderWrapper.<anonymous> (node:electron/js2c/browser_init:2:115482)
    at SimpleURLLoaderWrapper.emit (node:events:519:28)
[2024-12-03 02:44:27.503] [error] Error: net::ERR_NAME_NOT_RESOLVED
    at SimpleURLLoaderWrapper.<anonymous> (node:electron/js2c/browser_init:2:115482)
    at SimpleURLLoaderWrapper.emit (node:events:519:28)
[2024-12-03 02:44:27.506] [error] Error: net::ERR_NAME_NOT_RESOLVED
    at SimpleURLLoaderWrapper.<anonymous> (node:electron/js2c/browser_init:2:115482)
    at SimpleURLLoaderWrapper.emit (node:events:519:28)
[2024-12-03 02:45:27.499] [error] Error: net::ERR_NAME_NOT_RESOLVED
    at SimpleURLLoaderWrapper.<anonymous> (node:electron/js2c/browser_init:2:115482)
    at SimpleURLLoaderWrapper.emit (node:events:519:28)
[2024-12-03 02:45:27.502] [error] Error: net::ERR_NAME_NOT_RESOLVED
    at SimpleURLLoaderWrapper.<anonymous> (node:electron/js2c/browser_init:2:115482)
    at SimpleURLLoaderWrapper.emit (node:events:519:28)
[2024-12-03 02:46:27.499] [error] Error: net::ERR_NAME_NOT_RESOLVED
    at SimpleURLLoaderWrapper.<anonymous> (node:electron/js2c/browser_init:2:115482)
    at SimpleURLLoaderWrapper.emit (node:events:519:28)
[2024-12-03 02:46:27.502] [error] Error: net::ERR_NAME_NOT_RESOLVED
    at SimpleURLLoaderWrapper.<anonymous> (node:electron/js2c/browser_init:2:115482)
    at SimpleURLLoaderWrapper.emit (node:events:519:28)
[2024-12-03 02:47:27.515] [error] Error: net::ERR_NAME_NOT_RESOLVED
    at SimpleURLLoaderWrapper.<anonymous> (node:electron/js2c/browser_init:2:115482)
    at SimpleURLLoaderWrapper.emit (node:events:519:28)
[2024-12-03 02:47:27.516] [error] Error: net::ERR_NAME_NOT_RESOLVED
    at SimpleURLLoaderWrapper.<anonymous> (node:electron/js2c/browser_init:2:115482)
    at SimpleURLLoaderWrapper.emit (node:events:519:28)
[2024-12-03 02:48:27.510] [error] Error: net::ERR_NAME_NOT_RESOLVED
    at SimpleURLLoaderWrapper.<anonymous> (node:electron/js2c/browser_init:2:115482)
    at SimpleURLLoaderWrapper.emit (node:events:519:28)
[2024-12-03 02:48:27.512] [error] Error: net::ERR_NAME_NOT_RESOLVED
    at SimpleURLLoaderWrapper.<anonymous> (node:electron/js2c/browser_init:2:115482)
    at SimpleURLLoaderWrapper.emit (node:events:519:28)
[2024-12-03 02:49:27.508] [error] Error: net::ERR_NAME_NOT_RESOLVED
    at SimpleURLLoaderWrapper.<anonymous> (node:electron/js2c/browser_init:2:115482)
    at SimpleURLLoaderWrapper.emit (node:events:519:28)
[2024-12-03 02:49:27.510] [error] Error: net::ERR_NAME_NOT_RESOLVED
    at SimpleURLLoaderWrapper.<anonymous> (node:electron/js2c/browser_init:2:115482)
    at SimpleURLLoaderWrapper.emit (node:events:519:28)
[2024-12-03 02:50:27.507] [error] Error: net::ERR_NAME_NOT_RESOLVED
    at SimpleURLLoaderWrapper.<anonymous> (node:electron/js2c/browser_init:2:115482)
    at SimpleURLLoaderWrapper.emit (node:events:519:28)
[2024-12-03 02:50:27.510] [error] Error: net::ERR_NAME_NOT_RESOLVED
    at SimpleURLLoaderWrapper.<anonymous> (node:electron/js2c/browser_init:2:115482)
    at SimpleURLLoaderWrapper.emit (node:events:519:28)
[2024-12-03 02:51:27.508] [error] Error: net::ERR_NAME_NOT_RESOLVED
    at SimpleURLLoaderWrapper.<anonymous> (node:electron/js2c/browser_init:2:115482)
    at SimpleURLLoaderWrapper.emit (node:events:519:28)
[2024-12-03 02:51:27.508] [error] Error: net::ERR_NAME_NOT_RESOLVED
    at SimpleURLLoaderWrapper.<anonymous> (node:electron/js2c/browser_init:2:115482)
    at SimpleURLLoaderWrapper.emit (node:events:519:28)
[2024-12-03 02:52:27.508] [error] Error: net::ERR_NAME_NOT_RESOLVED
    at SimpleURLLoaderWrapper.<anonymous> (node:electron/js2c/browser_init:2:115482)
    at SimpleURLLoaderWrapper.emit (node:events:519:28)
[2024-12-03 02:52:27.511] [error] Error: net::ERR_NAME_NOT_RESOLVED
    at SimpleURLLoaderWrapper.<anonymous> (node:electron/js2c/browser_init:2:115482)
    at SimpleURLLoaderWrapper.emit (node:events:519:28)
[2024-12-03 02:53:27.504] [error] Error: net::ERR_NAME_NOT_RESOLVED
    at SimpleURLLoaderWrapper.<anonymous> (node:electron/js2c/browser_init:2:115482)
    at SimpleURLLoaderWrapper.emit (node:events:519:28)
[2024-12-03 02:53:27.507] [error] Error: net::ERR_NAME_NOT_RESOLVED
    at SimpleURLLoaderWrapper.<anonymous> (node:electron/js2c/browser_init:2:115482)
    at SimpleURLLoaderWrapper.emit (node:events:519:28)
[2024-12-03 02:54:27.509] [error] Error: net::ERR_NAME_NOT_RESOLVED
    at SimpleURLLoaderWrapper.<anonymous> (node:electron/js2c/browser_init:2:115482)
    at SimpleURLLoaderWrapper.emit (node:events:519:28)
[2024-12-03 02:54:27.512] [error] Error: net::ERR_NAME_NOT_RESOLVED
    at SimpleURLLoaderWrapper.<anonymous> (node:electron/js2c/browser_init:2:115482)
    at SimpleURLLoaderWrapper.emit (node:events:519:28)
[2024-12-03 02:55:27.506] [error] Error: net::ERR_NAME_NOT_RESOLVED
    at SimpleURLLoaderWrapper.<anonymous> (node:electron/js2c/browser_init:2:115482)
    at SimpleURLLoaderWrapper.emit (node:events:519:28)
[2024-12-03 02:55:27.507] [error] Error: net::ERR_NAME_NOT_RESOLVED
    at SimpleURLLoaderWrapper.<anonymous> (node:electron/js2c/browser_init:2:115482)
    at SimpleURLLoaderWrapper.emit (node:events:519:28)
[2024-12-03 02:56:27.501] [error] Error: net::ERR_NAME_NOT_RESOLVED
    at SimpleURLLoaderWrapper.<anonymous> (node:electron/js2c/browser_init:2:115482)
    at SimpleURLLoaderWrapper.emit (node:events:519:28)
[2024-12-03 02:56:27.502] [error] Error: net::ERR_NAME_NOT_RESOLVED
    at SimpleURLLoaderWrapper.<anonymous> (node:electron/js2c/browser_init:2:115482)
    at SimpleURLLoaderWrapper.emit (node:events:519:28)
[2024-12-03 02:57:27.501] [error] Error: net::ERR_NAME_NOT_RESOLVED
    at SimpleURLLoaderWrapper.<anonymous> (node:electron/js2c/browser_init:2:115482)
    at SimpleURLLoaderWrapper.emit (node:events:519:28)
[2024-12-03 02:57:27.504] [error] Error: net::ERR_NAME_NOT_RESOLVED
    at SimpleURLLoaderWrapper.<anonymous> (node:electron/js2c/browser_init:2:115482)
    at SimpleURLLoaderWrapper.emit (node:events:519:28)
[2024-12-03 02:58:27.506] [error] Error: net::ERR_NAME_NOT_RESOLVED
    at SimpleURLLoaderWrapper.<anonymous> (node:electron/js2c/browser_init:2:115482)
    at SimpleURLLoaderWrapper.emit (node:events:519:28)
[2024-12-03 02:58:27.509] [error] Error: net::ERR_NAME_NOT_RESOLVED
    at SimpleURLLoaderWrapper.<anonymous> (node:electron/js2c/browser_init:2:115482)
    at SimpleURLLoaderWrapper.emit (node:events:519:28)
[2024-12-03 02:59:27.512] [error] Error: net::ERR_NAME_NOT_RESOLVED
    at SimpleURLLoaderWrapper.<anonymous> (node:electron/js2c/browser_init:2:115482)
    at SimpleURLLoaderWrapper.emit (node:events:519:28)
[2024-12-03 02:59:27.513] [error] Error: net::ERR_NAME_NOT_RESOLVED
    at SimpleURLLoaderWrapper.<anonymous> (node:electron/js2c/browser_init:2:115482)
    at SimpleURLLoaderWrapper.emit (node:events:519:28)
[2024-12-03 03:00:27.503] [error] Error: net::ERR_NAME_NOT_RESOLVED
    at SimpleURLLoaderWrapper.<anonymous> (node:electron/js2c/browser_init:2:115482)
    at SimpleURLLoaderWrapper.emit (node:events:519:28)
[2024-12-03 03:00:27.504] [error] Error: net::ERR_NAME_NOT_RESOLVED
    at SimpleURLLoaderWrapper.<anonymous> (node:electron/js2c/browser_init:2:115482)
    at SimpleURLLoaderWrapper.emit (node:events:519:28)
[2024-12-03 03:01:27.495] [error] Error: net::ERR_NAME_NOT_RESOLVED
    at SimpleURLLoaderWrapper.<anonymous> (node:electron/js2c/browser_init:2:115482)
    at SimpleURLLoaderWrapper.emit (node:events:519:28)
[2024-12-03 03:01:27.499] [error] Error: net::ERR_NAME_NOT_RESOLVED
    at SimpleURLLoaderWrapper.<anonymous> (node:electron/js2c/browser_init:2:115482)
    at SimpleURLLoaderWrapper.emit (node:events:519:28)
[2024-12-03 03:02:27.503] [error] Error: net::ERR_NAME_NOT_RESOLVED
    at SimpleURLLoaderWrapper.<anonymous> (node:electron/js2c/browser_init:2:115482)
    at SimpleURLLoaderWrapper.emit (node:events:519:28)
[2024-12-03 03:02:27.506] [error] Error: net::ERR_NAME_NOT_RESOLVED
    at SimpleURLLoaderWrapper.<anonymous> (node:electron/js2c/browser_init:2:115482)
    at SimpleURLLoaderWrapper.emit (node:events:519:28)
[2024-12-03 03:03:27.497] [error] Error: net::ERR_NAME_NOT_RESOLVED
    at SimpleURLLoaderWrapper.<anonymous> (node:electron/js2c/browser_init:2:115482)
    at SimpleURLLoaderWrapper.emit (node:events:519:28)
[2024-12-03 03:03:27.500] [error] Error: net::ERR_NAME_NOT_RESOLVED
    at SimpleURLLoaderWrapper.<anonymous> (node:electron/js2c/browser_init:2:115482)
    at SimpleURLLoaderWrapper.emit (node:events:519:28)
[2024-12-03 03:04:27.506] [error] Error: net::ERR_NAME_NOT_RESOLVED
    at SimpleURLLoaderWrapper.<anonymous> (node:electron/js2c/browser_init:2:115482)
    at SimpleURLLoaderWrapper.emit (node:events:519:28)
[2024-12-03 03:04:27.509] [error] Error: net::ERR_NAME_NOT_RESOLVED
    at SimpleURLLoaderWrapper.<anonymous> (node:electron/js2c/browser_init:2:115482)
    at SimpleURLLoaderWrapper.emit (node:events:519:28)
[2024-12-03 03:05:27.498] [error] Error: net::ERR_NAME_NOT_RESOLVED
    at SimpleURLLoaderWrapper.<anonymous> (node:electron/js2c/browser_init:2:115482)
    at SimpleURLLoaderWrapper.emit (node:events:519:28)
[2024-12-03 03:05:27.501] [error] Error: net::ERR_NAME_NOT_RESOLVED
    at SimpleURLLoaderWrapper.<anonymous> (node:electron/js2c/browser_init:2:115482)
    at SimpleURLLoaderWrapper.emit (node:events:519:28)
[2024-12-03 03:06:27.503] [error] Error: net::ERR_NAME_NOT_RESOLVED
    at SimpleURLLoaderWrapper.<anonymous> (node:electron/js2c/browser_init:2:115482)
    at SimpleURLLoaderWrapper.emit (node:events:519:28)
[2024-12-03 03:06:27.503] [error] Error: net::ERR_NAME_NOT_RESOLVED
    at SimpleURLLoaderWrapper.<anonymous> (node:electron/js2c/browser_init:2:115482)
    at SimpleURLLoaderWrapper.emit (node:events:519:28)
[2024-12-03 03:07:27.508] [error] Error: net::ERR_NAME_NOT_RESOLVED
    at SimpleURLLoaderWrapper.<anonymous> (node:electron/js2c/browser_init:2:115482)
    at SimpleURLLoaderWrapper.emit (node:events:519:28)
[2024-12-03 03:07:27.511] [error] Error: net::ERR_NAME_NOT_RESOLVED
    at SimpleURLLoaderWrapper.<anonymous> (node:electron/js2c/browser_init:2:115482)
    at SimpleURLLoaderWrapper.emit (node:events:519:28)
[2024-12-03 03:08:27.501] [error] Error: net::ERR_NAME_NOT_RESOLVED
    at SimpleURLLoaderWrapper.<anonymous> (node:electron/js2c/browser_init:2:115482)
    at SimpleURLLoaderWrapper.emit (node:events:519:28)
[2024-12-03 03:08:27.504] [error] Error: net::ERR_NAME_NOT_RESOLVED
    at SimpleURLLoaderWrapper.<anonymous> (node:electron/js2c/browser_init:2:115482)
    at SimpleURLLoaderWrapper.emit (node:events:519:28)
[2024-12-03 03:09:27.496] [error] Error: net::ERR_NAME_NOT_RESOLVED
    at SimpleURLLoaderWrapper.<anonymous> (node:electron/js2c/browser_init:2:115482)
    at SimpleURLLoaderWrapper.emit (node:events:519:28)
[2024-12-03 03:09:27.497] [error] Error: net::ERR_NAME_NOT_RESOLVED
    at SimpleURLLoaderWrapper.<anonymous> (node:electron/js2c/browser_init:2:115482)
    at SimpleURLLoaderWrapper.emit (node:events:519:28)
[2024-12-03 03:10:27.505] [error] Error: net::ERR_NAME_NOT_RESOLVED
    at SimpleURLLoaderWrapper.<anonymous> (node:electron/js2c/browser_init:2:115482)
    at SimpleURLLoaderWrapper.emit (node:events:519:28)
[2024-12-03 03:10:27.508] [error] Error: net::ERR_NAME_NOT_RESOLVED
    at SimpleURLLoaderWrapper.<anonymous> (node:electron/js2c/browser_init:2:115482)
    at SimpleURLLoaderWrapper.emit (node:events:519:28)
[2024-12-03 03:11:27.512] [error] Error: net::ERR_NAME_NOT_RESOLVED
    at SimpleURLLoaderWrapper.<anonymous> (node:electron/js2c/browser_init:2:115482)
    at SimpleURLLoaderWrapper.emit (node:events:519:28)
[2024-12-03 03:11:27.515] [error] Error: net::ERR_NAME_NOT_RESOLVED
    at SimpleURLLoaderWrapper.<anonymous> (node:electron/js2c/browser_init:2:115482)
    at SimpleURLLoaderWrapper.emit (node:events:519:28)
[2024-12-03 03:12:27.507] [error] Error: net::ERR_NAME_NOT_RESOLVED
    at SimpleURLLoaderWrapper.<anonymous> (node:electron/js2c/browser_init:2:115482)
    at SimpleURLLoaderWrapper.emit (node:events:519:28)
[2024-12-03 03:12:27.507] [error] Error: net::ERR_NAME_NOT_RESOLVED
    at SimpleURLLoaderWrapper.<anonymous> (node:electron/js2c/browser_init:2:115482)
    at SimpleURLLoaderWrapper.emit (node:events:519:28)
[2024-12-03 03:13:27.479] [error] Error: net::ERR_NAME_NOT_RESOLVED
    at SimpleURLLoaderWrapper.<anonymous> (node:electron/js2c/browser_init:2:115482)
    at SimpleURLLoaderWrapper.emit (node:events:519:28)
[2024-12-03 03:13:27.482] [error] Error: net::ERR_NAME_NOT_RESOLVED
    at SimpleURLLoaderWrapper.<anonymous> (node:electron/js2c/browser_init:2:115482)
    at SimpleURLLoaderWrapper.emit (node:events:519:28)
[2024-12-03 03:14:27.480] [error] Error: net::ERR_NAME_NOT_RESOLVED
    at SimpleURLLoaderWrapper.<anonymous> (node:electron/js2c/browser_init:2:115482)
    at SimpleURLLoaderWrapper.emit (node:events:519:28)
[2024-12-03 03:14:27.483] [error] Error: net::ERR_NAME_NOT_RESOLVED
    at SimpleURLLoaderWrapper.<anonymous> (node:electron/js2c/browser_init:2:115482)
    at SimpleURLLoaderWrapper.emit (node:events:519:28)
[2024-12-03 03:15:27.507] [error] Error: net::ERR_NAME_NOT_RESOLVED
    at SimpleURLLoaderWrapper.<anonymous> (node:electron/js2c/browser_init:2:115482)
    at SimpleURLLoaderWrapper.emit (node:events:519:28)
[2024-12-03 03:15:27.507] [error] Error: net::ERR_NAME_NOT_RESOLVED
    at SimpleURLLoaderWrapper.<anonymous> (node:electron/js2c/browser_init:2:115482)
    at SimpleURLLoaderWrapper.emit (node:events:519:28)
[2024-12-03 03:16:27.499] [error] Error: net::ERR_NAME_NOT_RESOLVED
    at SimpleURLLoaderWrapper.<anonymous> (node:electron/js2c/browser_init:2:115482)
    at SimpleURLLoaderWrapper.emit (node:events:519:28)
[2024-12-03 03:16:27.502] [error] Error: net::ERR_NAME_NOT_RESOLVED
    at SimpleURLLoaderWrapper.<anonymous> (node:electron/js2c/browser_init:2:115482)
    at SimpleURLLoaderWrapper.emit (node:events:519:28)
[2024-12-03 03:17:27.506] [error] Error: net::ERR_NAME_NOT_RESOLVED
    at SimpleURLLoaderWrapper.<anonymous> (node:electron/js2c/browser_init:2:115482)
    at SimpleURLLoaderWrapper.emit (node:events:519:28)
[2024-12-03 03:17:27.509] [error] Error: net::ERR_NAME_NOT_RESOLVED
    at SimpleURLLoaderWrapper.<anonymous> (node:electron/js2c/browser_init:2:115482)
    at SimpleURLLoaderWrapper.emit (node:events:519:28)
[2024-12-03 03:18:27.505] [error] Error: net::ERR_NAME_NOT_RESOLVED
    at SimpleURLLoaderWrapper.<anonymous> (node:electron/js2c/browser_init:2:115482)
    at SimpleURLLoaderWrapper.emit (node:events:519:28)
[2024-12-03 03:18:27.506] [error] Error: net::ERR_NAME_NOT_RESOLVED
    at SimpleURLLoaderWrapper.<anonymous> (node:electron/js2c/browser_init:2:115482)
    at SimpleURLLoaderWrapper.emit (node:events:519:28)
[2024-12-03 03:19:27.500] [error] Error: net::ERR_NAME_NOT_RESOLVED
    at SimpleURLLoaderWrapper.<anonymous> (node:electron/js2c/browser_init:2:115482)
    at SimpleURLLoaderWrapper.emit (node:events:519:28)
[2024-12-03 03:19:27.503] [error] Error: net::ERR_NAME_NOT_RESOLVED
    at SimpleURLLoaderWrapper.<anonymous> (node:electron/js2c/browser_init:2:115482)
    at SimpleURLLoaderWrapper.emit (node:events:519:28)
[2024-12-03 03:20:27.493] [error] Error: net::ERR_NAME_NOT_RESOLVED
    at SimpleURLLoaderWrapper.<anonymous> (node:electron/js2c/browser_init:2:115482)
    at SimpleURLLoaderWrapper.emit (node:events:519:28)
[2024-12-03 03:20:27.496] [error] Error: net::ERR_NAME_NOT_RESOLVED
    at SimpleURLLoaderWrapper.<anonymous> (node:electron/js2c/browser_init:2:115482)
    at SimpleURLLoaderWrapper.emit (node:events:519:28)
[2024-12-03 03:21:27.499] [error] Error: net::ERR_NAME_NOT_RESOLVED
    at SimpleURLLoaderWrapper.<anonymous> (node:electron/js2c/browser_init:2:115482)
    at SimpleURLLoaderWrapper.emit (node:events:519:28)
[2024-12-03 03:21:27.502] [error] Error: net::ERR_NAME_NOT_RESOLVED
    at SimpleURLLoaderWrapper.<anonymous> (node:electron/js2c/browser_init:2:115482)
    at SimpleURLLoaderWrapper.emit (node:events:519:28)
[2024-12-03 03:22:27.500] [error] Error: net::ERR_NAME_NOT_RESOLVED
    at SimpleURLLoaderWrapper.<anonymous> (node:electron/js2c/browser_init:2:115482)
    at SimpleURLLoaderWrapper.emit (node:events:519:28)
[2024-12-03 03:22:27.503] [error] Error: net::ERR_NAME_NOT_RESOLVED
    at SimpleURLLoaderWrapper.<anonymous> (node:electron/js2c/browser_init:2:115482)
    at SimpleURLLoaderWrapper.emit (node:events:519:28)
[2024-12-03 03:23:27.503] [error] Error: net::ERR_NAME_NOT_RESOLVED
    at SimpleURLLoaderWrapper.<anonymous> (node:electron/js2c/browser_init:2:115482)
    at SimpleURLLoaderWrapper.emit (node:events:519:28)
[2024-12-03 03:23:27.506] [error] Error: net::ERR_NAME_NOT_RESOLVED
    at SimpleURLLoaderWrapper.<anonymous> (node:electron/js2c/browser_init:2:115482)
    at SimpleURLLoaderWrapper.emit (node:events:519:28)
[2024-12-03 03:24:27.515] [error] Error: net::ERR_NAME_NOT_RESOLVED
    at SimpleURLLoaderWrapper.<anonymous> (node:electron/js2c/browser_init:2:115482)
    at SimpleURLLoaderWrapper.emit (node:events:519:28)
[2024-12-03 03:24:27.518] [error] Error: net::ERR_NAME_NOT_RESOLVED
    at SimpleURLLoaderWrapper.<anonymous> (node:electron/js2c/browser_init:2:115482)
    at SimpleURLLoaderWrapper.emit (node:events:519:28)
[2024-12-03 03:25:27.506] [error] Error: net::ERR_NAME_NOT_RESOLVED
    at SimpleURLLoaderWrapper.<anonymous> (node:electron/js2c/browser_init:2:115482)
    at SimpleURLLoaderWrapper.emit (node:events:519:28)
[2024-12-03 03:25:27.507] [error] Error: net::ERR_NAME_NOT_RESOLVED
    at SimpleURLLoaderWrapper.<anonymous> (node:electron/js2c/browser_init:2:115482)
    at SimpleURLLoaderWrapper.emit (node:events:519:28)
[2024-12-03 03:26:27.504] [error] Error: net::ERR_NAME_NOT_RESOLVED
    at SimpleURLLoaderWrapper.<anonymous> (node:electron/js2c/browser_init:2:115482)
    at SimpleURLLoaderWrapper.emit (node:events:519:28)
[2024-12-03 03:26:27.507] [error] Error: net::ERR_NAME_NOT_RESOLVED
    at SimpleURLLoaderWrapper.<anonymous> (node:electron/js2c/browser_init:2:115482)
    at SimpleURLLoaderWrapper.emit (node:events:519:28)
[2024-12-03 03:27:27.499] [error] Error: net::ERR_NAME_NOT_RESOLVED
    at SimpleURLLoaderWrapper.<anonymous> (node:electron/js2c/browser_init:2:115482)
    at SimpleURLLoaderWrapper.emit (node:events:519:28)
[2024-12-03 03:27:27.502] [error] Error: net::ERR_NAME_NOT_RESOLVED
    at SimpleURLLoaderWrapper.<anonymous> (node:electron/js2c/browser_init:2:115482)
    at SimpleURLLoaderWrapper.emit (node:events:519:28)
[2024-12-03 03:28:27.499] [error] Error: net::ERR_NAME_NOT_RESOLVED
    at SimpleURLLoaderWrapper.<anonymous> (node:electron/js2c/browser_init:2:115482)
    at SimpleURLLoaderWrapper.emit (node:events:519:28)
[2024-12-03 03:28:27.500] [error] Error: net::ERR_NAME_NOT_RESOLVED
    at SimpleURLLoaderWrapper.<anonymous> (node:electron/js2c/browser_init:2:115482)
    at SimpleURLLoaderWrapper.emit (node:events:519:28)
[2024-12-03 03:29:27.506] [error] Error: net::ERR_NAME_NOT_RESOLVED
    at SimpleURLLoaderWrapper.<anonymous> (node:electron/js2c/browser_init:2:115482)
    at SimpleURLLoaderWrapper.emit (node:events:519:28)
[2024-12-03 03:29:27.509] [error] Error: net::ERR_NAME_NOT_RESOLVED
    at SimpleURLLoaderWrapper.<anonymous> (node:electron/js2c/browser_init:2:115482)
    at SimpleURLLoaderWrapper.emit (node:events:519:28)
[2024-12-03 03:30:27.508] [error] Error: net::ERR_NAME_NOT_RESOLVED
    at SimpleURLLoaderWrapper.<anonymous> (node:electron/js2c/browser_init:2:115482)
    at SimpleURLLoaderWrapper.emit (node:events:519:28)
[2024-12-03 03:30:27.508] [error] Error: net::ERR_NAME_NOT_RESOLVED
    at SimpleURLLoaderWrapper.<anonymous> (node:electron/js2c/browser_init:2:115482)
    at SimpleURLLoaderWrapper.emit (node:events:519:28)
[2024-12-03 03:31:27.503] [error] Error: net::ERR_NAME_NOT_RESOLVED
    at SimpleURLLoaderWrapper.<anonymous> (node:electron/js2c/browser_init:2:115482)
    at SimpleURLLoaderWrapper.emit (node:events:519:28)
[2024-12-03 03:31:27.506] [error] Error: net::ERR_NAME_NOT_RESOLVED
    at SimpleURLLoaderWrapper.<anonymous> (node:electron/js2c/browser_init:2:115482)
    at SimpleURLLoaderWrapper.emit (node:events:519:28)
[2024-12-03 03:32:27.508] [error] Error: net::ERR_NAME_NOT_RESOLVED
    at SimpleURLLoaderWrapper.<anonymous> (node:electron/js2c/browser_init:2:115482)
    at SimpleURLLoaderWrapper.emit (node:events:519:28)
[2024-12-03 03:32:27.508] [error] Error: net::ERR_NAME_NOT_RESOLVED
    at SimpleURLLoaderWrapper.<anonymous> (node:electron/js2c/browser_init:2:115482)
    at SimpleURLLoaderWrapper.emit (node:events:519:28)
[2024-12-03 03:33:27.496] [error] Error: net::ERR_NAME_NOT_RESOLVED
    at SimpleURLLoaderWrapper.<anonymous> (node:electron/js2c/browser_init:2:115482)
    at SimpleURLLoaderWrapper.emit (node:events:519:28)
[2024-12-03 03:33:27.499] [error] Error: net::ERR_NAME_NOT_RESOLVED
    at SimpleURLLoaderWrapper.<anonymous> (node:electron/js2c/browser_init:2:115482)
    at SimpleURLLoaderWrapper.emit (node:events:519:28)
[2024-12-03 03:34:27.503] [error] Error: net::ERR_NAME_NOT_RESOLVED
    at SimpleURLLoaderWrapper.<anonymous> (node:electron/js2c/browser_init:2:115482)
    at SimpleURLLoaderWrapper.emit (node:events:519:28)
[2024-12-03 03:34:27.505] [error] Error: net::ERR_NAME_NOT_RESOLVED
    at SimpleURLLoaderWrapper.<anonymous> (node:electron/js2c/browser_init:2:115482)
    at SimpleURLLoaderWrapper.emit (node:events:519:28)
[2024-12-03 03:35:27.489] [error] Error: net::ERR_NAME_NOT_RESOLVED
    at SimpleURLLoaderWrapper.<anonymous> (node:electron/js2c/browser_init:2:115482)
    at SimpleURLLoaderWrapper.emit (node:events:519:28)
[2024-12-03 03:35:27.492] [error] Error: net::ERR_NAME_NOT_RESOLVED
    at SimpleURLLoaderWrapper.<anonymous> (node:electron/js2c/browser_init:2:115482)
    at SimpleURLLoaderWrapper.emit (node:events:519:28)
[2024-12-03 03:36:27.503] [error] Error: net::ERR_NAME_NOT_RESOLVED
    at SimpleURLLoaderWrapper.<anonymous> (node:electron/js2c/browser_init:2:115482)
    at SimpleURLLoaderWrapper.emit (node:events:519:28)
[2024-12-03 03:36:27.504] [error] Error: net::ERR_NAME_NOT_RESOLVED
    at SimpleURLLoaderWrapper.<anonymous> (node:electron/js2c/browser_init:2:115482)
    at SimpleURLLoaderWrapper.emit (node:events:519:28)
[2024-12-03 03:37:27.506] [error] Error: net::ERR_NAME_NOT_RESOLVED
    at SimpleURLLoaderWrapper.<anonymous> (node:electron/js2c/browser_init:2:115482)
    at SimpleURLLoaderWrapper.emit (node:events:519:28)
[2024-12-03 03:37:27.506] [error] Error: net::ERR_NAME_NOT_RESOLVED
    at SimpleURLLoaderWrapper.<anonymous> (node:electron/js2c/browser_init:2:115482)
    at SimpleURLLoaderWrapper.emit (node:events:519:28)
[2024-12-03 03:38:27.496] [error] Error: net::ERR_NAME_NOT_RESOLVED
    at SimpleURLLoaderWrapper.<anonymous> (node:electron/js2c/browser_init:2:115482)
    at SimpleURLLoaderWrapper.emit (node:events:519:28)
[2024-12-03 03:38:27.497] [error] Error: net::ERR_NAME_NOT_RESOLVED
    at SimpleURLLoaderWrapper.<anonymous> (node:electron/js2c/browser_init:2:115482)
    at SimpleURLLoaderWrapper.emit (node:events:519:28)
[2024-12-03 03:39:27.501] [error] Error: net::ERR_NAME_NOT_RESOLVED
    at SimpleURLLoaderWrapper.<anonymous> (node:electron/js2c/browser_init:2:115482)
    at SimpleURLLoaderWrapper.emit (node:events:519:28)
[2024-12-03 03:39:27.504] [error] Error: net::ERR_NAME_NOT_RESOLVED
    at SimpleURLLoaderWrapper.<anonymous> (node:electron/js2c/browser_init:2:115482)
    at SimpleURLLoaderWrapper.emit (node:events:519:28)
[2024-12-03 19:09:47.970] [error] Error: net::ERR_CONNECTION_CLOSED
    at SimpleURLLoaderWrapper.<anonymous> (node:electron/js2c/browser_init:2:115482)
    at SimpleURLLoaderWrapper.emit (node:events:519:28)
[2024-12-03 19:09:55.907] [error] Error: net::ERR_CONNECTION_REFUSED
    at SimpleURLLoaderWrapper.<anonymous> (node:electron/js2c/browser_init:2:115482)
    at SimpleURLLoaderWrapper.emit (node:events:519:28)
[2024-12-04 19:17:17.988] [error] Error: net::ERR_CONNECTION_REFUSED
    at SimpleURLLoaderWrapper.<anonymous> (node:electron/js2c/browser_init:2:115482)
    at SimpleURLLoaderWrapper.emit (node:events:519:28)
